#
# A fatal error has been detected by the Java Runtime Environment:
#
#  SIGSEGV (0xb) at pc=0x00007f9e961e769b, pid=3013, tid=3100
#
# JRE version: OpenJDK Runtime Environment (11.0.2+9) (build 11.0.2+9-Ubuntu-3ubuntu118.04.3)
# Java VM: OpenJDK 64-Bit Server VM (11.0.2+9-Ubuntu-3ubuntu118.04.3, mixed mode, sharing, tiered, compressed oops, g1 gc, linux-amd64)
# Problematic frame:
# C  [libtesseract.so.4.0.0+0x25969b]  ERRCODE::error(char const*, TessErrorLogCode, char const*, ...) const+0x16b
#
# Core dump will be written. Default location: Core dumps may be processed with "/usr/share/apport/apport %p %s %c %d %P" (or dumping to /mnt/DEV/Workspace/IntellijWorkspace/Anspro-2019/Anspro Projects/Character Recognition/core.3013)
#
# If you would like to submit a bug report, please visit:
#   http://bugreport.java.com/bugreport/crash.jsp
# The crash happened outside the Java Virtual Machine in native code.
# See problematic frame for where to report the bug.
#

---------------  S U M M A R Y ------------

Command Line: -javaagent:/snap/intellij-idea-community/143/lib/idea_rt.jar=46677:/snap/intellij-idea-community/143/bin -Dfile.encoding=UTF-8 com.project.backend.Character_Recognition.CharacterRecognitionApplication

Host: Intel(R) Core(TM) i5 CPU         650  @ 3.20GHz, 4 cores, 7G, Ubuntu 18.04.2 LTS
Time: Sun May  5 01:12:41 2019 IST elapsed time: 173 seconds (0d 0h 2m 53s)

---------------  T H R E A D  ---------------

Current thread (0x00007f9ec17aa800):  JavaThread "http-nio-8084-exec-9" daemon [_thread_in_native, id=3100, stack(0x00007f9ead943000,0x00007f9eada44000)]

Stack: [0x00007f9ead943000,0x00007f9eada44000],  sp=0x00007f9eada3e5f0,  free space=1005k
Native frames: (J=compiled Java code, A=aot compiled Java code, j=interpreted, Vv=VM code, C=native code)
C  [libtesseract.so.4.0.0+0x25969b]  ERRCODE::error(char const*, TessErrorLogCode, char const*, ...) const+0x16b

Java frames: (J=compiled Java code, j=interpreted, Vv=VM code)
j  com.sun.jna.Native.invokePointer(Lcom/sun/jna/Function;JI[Ljava/lang/Object;)J+0
j  com.sun.jna.Function.invokePointer(I[Ljava/lang/Object;)Lcom/sun/jna/Pointer;+7
j  com.sun.jna.Function.invoke([Ljava/lang/Object;Ljava/lang/Class;ZI)Ljava/lang/Object;+385
j  com.sun.jna.Function.invoke(Ljava/lang/reflect/Method;[Ljava/lang/Class;Ljava/lang/Class;[Ljava/lang/Object;Ljava/util/Map;)Ljava/lang/Object;+271
j  com.sun.jna.Library$Handler.invoke(Ljava/lang/Object;Ljava/lang/reflect/Method;[Ljava/lang/Object;)Ljava/lang/Object;+344
j  com.sun.proxy.$Proxy135.TessBaseAPIGetUTF8Text(Lnet/sourceforge/tess4j/ITessAPI$TessBaseAPI;)Lcom/sun/jna/Pointer;+16
j  net.sourceforge.tess4j.Tesseract.getOCRText(Ljava/lang/String;I)Ljava/lang/String;+62
j  net.sourceforge.tess4j.Tesseract.doOCR(Ljavax/imageio/IIOImage;Ljava/lang/String;Ljava/awt/Rectangle;I)Ljava/lang/String;+17
j  net.sourceforge.tess4j.Tesseract.doOCR(Ljava/io/File;Ljava/awt/Rectangle;)Ljava/lang/String;+126
j  net.sourceforge.tess4j.Tesseract.doOCR(Ljava/io/File;)Ljava/lang/String;+3
j  com.project.backend.Character_Recognition.service.OpencvServiceImpl.characterRecognition(Ljava/io/File;)Ljava/lang/String;+32
j  com.project.backend.Character_Recognition.service.OpencvServiceImpl.processDataset(Ljava/io/File;)Ljava/lang/String;+134
j  com.project.backend.Character_Recognition.service.ProjectServiceImpl.uploadImage(Ljava/lang/String;)Ljava/lang/String;+87
j  com.project.backend.Character_Recognition.controller.FileController.uploadFile(Lorg/springframework/web/multipart/MultipartFile;)Lcom/project/backend/Character_Recognition/utils/UploadFileResponse;+39
v  ~StubRoutines::call_stub
J 2532  jdk.internal.reflect.NativeMethodAccessorImpl.invoke0(Ljava/lang/reflect/Method;Ljava/lang/Object;[Ljava/lang/Object;)Ljava/lang/Object; java.base@11.0.2 (0 bytes) @ 0x00007f9f2fd3c947 [0x00007f9f2fd3c8c0+0x0000000000000087]
J 2531 c1 jdk.internal.reflect.NativeMethodAccessorImpl.invoke(Ljava/lang/Object;[Ljava/lang/Object;)Ljava/lang/Object; java.base@11.0.2 (104 bytes) @ 0x00007f9f28c2bdf4 [0x00007f9f28c2b140+0x0000000000000cb4]
J 4878 c2 jdk.internal.reflect.DelegatingMethodAccessorImpl.invoke(Ljava/lang/Object;[Ljava/lang/Object;)Ljava/lang/Object; java.base@11.0.2 (10 bytes) @ 0x00007f9f2ff26d74 [0x00007f9f2ff26d20+0x0000000000000054]
J 6489 c1 java.lang.reflect.Method.invoke(Ljava/lang/Object;[Ljava/lang/Object;)Ljava/lang/Object; java.base@11.0.2 (65 bytes) @ 0x00007f9f2964da8c [0x00007f9f2964d720+0x000000000000036c]
j  org.springframework.web.method.support.InvocableHandlerMethod.doInvoke([Ljava/lang/Object;)Ljava/lang/Object;+16
j  org.springframework.web.method.support.InvocableHandlerMethod.invokeForRequest(Lorg/springframework/web/context/request/NativeWebRequest;Lorg/springframework/web/method/support/ModelAndViewContainer;[Ljava/lang/Object;)Ljava/lang/Object;+56
j  org.springframework.web.servlet.mvc.method.annotation.ServletInvocableHandlerMethod.invokeAndHandle(Lorg/springframework/web/context/request/ServletWebRequest;Lorg/springframework/web/method/support/ModelAndViewContainer;[Ljava/lang/Object;)V+4
j  org.springframework.web.servlet.mvc.method.annotation.RequestMappingHandlerAdapter.invokeHandlerMethod(Ljavax/servlet/http/HttpServletRequest;Ljavax/servlet/http/HttpServletResponse;Lorg/springframework/web/method/HandlerMethod;)Lorg/springframework/web/servlet/ModelAndView;+244
j  org.springframework.web.servlet.mvc.method.annotation.RequestMappingHandlerAdapter.handleInternal(Ljavax/servlet/http/HttpServletRequest;Ljavax/servlet/http/HttpServletResponse;Lorg/springframework/web/method/HandlerMethod;)Lorg/springframework/web/servlet/ModelAndView;+81
j  org.springframework.web.servlet.mvc.method.AbstractHandlerMethodAdapter.handle(Ljavax/servlet/http/HttpServletRequest;Ljavax/servlet/http/HttpServletResponse;Ljava/lang/Object;)Lorg/springframework/web/servlet/ModelAndView;+7
j  org.springframework.web.servlet.DispatcherServlet.doDispatch(Ljavax/servlet/http/HttpServletRequest;Ljavax/servlet/http/HttpServletResponse;)V+257
j  org.springframework.web.servlet.DispatcherServlet.doService(Ljavax/servlet/http/HttpServletRequest;Ljavax/servlet/http/HttpServletResponse;)V+212
j  org.springframework.web.servlet.FrameworkServlet.processRequest(Ljavax/servlet/http/HttpServletRequest;Ljavax/servlet/http/HttpServletResponse;)V+71
j  org.springframework.web.servlet.FrameworkServlet.doPost(Ljavax/servlet/http/HttpServletRequest;Ljavax/servlet/http/HttpServletResponse;)V+3
j  javax.servlet.http.HttpServlet.service(Ljavax/servlet/http/HttpServletRequest;Ljavax/servlet/http/HttpServletResponse;)V+149
j  org.springframework.web.servlet.FrameworkServlet.service(Ljavax/servlet/http/HttpServletRequest;Ljavax/servlet/http/HttpServletResponse;)V+33
j  javax.servlet.http.HttpServlet.service(Ljavax/servlet/ServletRequest;Ljavax/servlet/ServletResponse;)V+36
j  org.apache.catalina.core.ApplicationFilterChain.internalDoFilter(Ljavax/servlet/ServletRequest;Ljavax/servlet/ServletResponse;)V+304
j  org.apache.catalina.core.ApplicationFilterChain.doFilter(Ljavax/servlet/ServletRequest;Ljavax/servlet/ServletResponse;)V+101
j  org.apache.tomcat.websocket.server.WsFilter.doFilter(Ljavax/servlet/ServletRequest;Ljavax/servlet/ServletResponse;Ljavax/servlet/FilterChain;)V+21
j  org.apache.catalina.core.ApplicationFilterChain.internalDoFilter(Ljavax/servlet/ServletRequest;Ljavax/servlet/ServletResponse;)V+135
j  org.apache.catalina.core.ApplicationFilterChain.doFilter(Ljavax/servlet/ServletRequest;Ljavax/servlet/ServletResponse;)V+101
j  org.springframework.web.filter.RequestContextFilter.doFilterInternal(Ljavax/servlet/http/HttpServletRequest;Ljavax/servlet/http/HttpServletResponse;Ljavax/servlet/FilterChain;)V+21
j  org.springframework.web.filter.OncePerRequestFilter.doFilter(Ljavax/servlet/ServletRequest;Ljavax/servlet/ServletResponse;Ljavax/servlet/FilterChain;)V+111
j  org.apache.catalina.core.ApplicationFilterChain.internalDoFilter(Ljavax/servlet/ServletRequest;Ljavax/servlet/ServletResponse;)V+135
j  org.apache.catalina.core.ApplicationFilterChain.doFilter(Ljavax/servlet/ServletRequest;Ljavax/servlet/ServletResponse;)V+101
j  org.springframework.web.filter.FormContentFilter.doFilterInternal(Ljavax/servlet/http/HttpServletRequest;Ljavax/servlet/http/HttpServletResponse;Ljavax/servlet/FilterChain;)V+38
j  org.springframework.web.filter.OncePerRequestFilter.doFilter(Ljavax/servlet/ServletRequest;Ljavax/servlet/ServletResponse;Ljavax/servlet/FilterChain;)V+111
j  org.apache.catalina.core.ApplicationFilterChain.internalDoFilter(Ljavax/servlet/ServletRequest;Ljavax/servlet/ServletResponse;)V+135
j  org.apache.catalina.core.ApplicationFilterChain.doFilter(Ljavax/servlet/ServletRequest;Ljavax/servlet/ServletResponse;)V+101
j  org.springframework.web.filter.HiddenHttpMethodFilter.doFilterInternal(Ljavax/servlet/http/HttpServletRequest;Ljavax/servlet/http/HttpServletResponse;Ljavax/servlet/FilterChain;)V+87
j  org.springframework.web.filter.OncePerRequestFilter.doFilter(Ljavax/servlet/ServletRequest;Ljavax/servlet/ServletResponse;Ljavax/servlet/FilterChain;)V+111
j  org.apache.catalina.core.ApplicationFilterChain.internalDoFilter(Ljavax/servlet/ServletRequest;Ljavax/servlet/ServletResponse;)V+135
j  org.apache.catalina.core.ApplicationFilterChain.doFilter(Ljavax/servlet/ServletRequest;Ljavax/servlet/ServletResponse;)V+101
j  org.springframework.web.filter.CharacterEncodingFilter.doFilterInternal(Ljavax/servlet/http/HttpServletRequest;Ljavax/servlet/http/HttpServletResponse;Ljavax/servlet/FilterChain;)V+53
j  org.springframework.web.filter.OncePerRequestFilter.doFilter(Ljavax/servlet/ServletRequest;Ljavax/servlet/ServletResponse;Ljavax/servlet/FilterChain;)V+111
j  org.apache.catalina.core.ApplicationFilterChain.internalDoFilter(Ljavax/servlet/ServletRequest;Ljavax/servlet/ServletResponse;)V+135
j  org.apache.catalina.core.ApplicationFilterChain.doFilter(Ljavax/servlet/ServletRequest;Ljavax/servlet/ServletResponse;)V+101
j  org.apache.catalina.core.StandardWrapperValve.invoke(Lorg/apache/catalina/connector/Request;Lorg/apache/catalina/connector/Response;)V+688
j  org.apache.catalina.core.StandardContextValve.invoke(Lorg/apache/catalina/connector/Request;Lorg/apache/catalina/connector/Response;)V+166
j  org.apache.catalina.authenticator.AuthenticatorBase.invoke(Lorg/apache/catalina/connector/Request;Lorg/apache/catalina/connector/Response;)V+260
j  org.apache.catalina.core.StandardHostValve.invoke(Lorg/apache/catalina/connector/Request;Lorg/apache/catalina/connector/Response;)V+114
j  org.apache.catalina.valves.ErrorReportValve.invoke(Lorg/apache/catalina/connector/Request;Lorg/apache/catalina/connector/Response;)V+6
j  org.apache.catalina.core.StandardEngineValve.invoke(Lorg/apache/catalina/connector/Request;Lorg/apache/catalina/connector/Response;)V+45
j  org.apache.catalina.connector.CoyoteAdapter.service(Lorg/apache/coyote/Request;Lorg/apache/coyote/Response;)V+199
j  org.apache.coyote.http11.Http11Processor.service(Lorg/apache/tomcat/util/net/SocketWrapperBase;)Lorg/apache/tomcat/util/net/AbstractEndpoint$Handler$SocketState;+791
j  org.apache.coyote.AbstractProcessorLight.process(Lorg/apache/tomcat/util/net/SocketWrapperBase;Lorg/apache/tomcat/util/net/SocketEvent;)Lorg/apache/tomcat/util/net/AbstractEndpoint$Handler$SocketState;+113
j  org.apache.coyote.AbstractProtocol$ConnectionHandler.process(Lorg/apache/tomcat/util/net/SocketWrapperBase;Lorg/apache/tomcat/util/net/SocketEvent;)Lorg/apache/tomcat/util/net/AbstractEndpoint$Handler$SocketState;+414
j  org.apache.tomcat.util.net.NioEndpoint$SocketProcessor.doRun()V+191
j  org.apache.tomcat.util.net.SocketProcessorBase.run()V+21
j  java.util.concurrent.ThreadPoolExecutor.runWorker(Ljava/util/concurrent/ThreadPoolExecutor$Worker;)V+92 java.base@11.0.2
j  java.util.concurrent.ThreadPoolExecutor$Worker.run()V+5 java.base@11.0.2
j  org.apache.tomcat.util.threads.TaskThread$WrappingRunnable.run()V+4
j  java.lang.Thread.run()V+11 java.base@11.0.2
v  ~StubRoutines::call_stub

siginfo: si_signo: 11 (SIGSEGV), si_code: 1 (SEGV_MAPERR), si_addr: 0x0000000000000000

Register to memory mapping:

RAX=0x000000000000005d is an unknown value
RBX=0x00007f9eada3e644 is pointing into the stack for thread: 0x00007f9ec17aa800
RCX=0x0 is NULL
RDX=0x00007f9f475448b0: <offset 0x00000000003ed8b0> in /lib/x86_64-linux-gnu/libc.so.6 at 0x00007f9f47157000
RSP=0x00007f9eada3e5f0 is pointing into the stack for thread: 0x00007f9ec17aa800
RBP=0x00007f9eada3e610 is pointing into the stack for thread: 0x00007f9ec17aa800
RSI=0x000000000000005d is an unknown value
RDI=0x00007f9eada3be20 is pointing into the stack for thread: 0x00007f9ec17aa800
R8 =0x000000000000005d is an unknown value
R9 =0x000000000000005d is an unknown value
R10=0x00000000ffffffa3 is an unallocated location in the heap
R11=0x0 is NULL
R12=0x0000000000000002 is an unknown value
R13=0x00007f9e961f74a1: <offset 0x00000000002694a1> in /usr/lib/x86_64-linux-gnu/libtesseract.so.4.0.0 at 0x00007f9e95f8e000
R14=0x00007f9e966e32e8: <offset 0x00000000007552e8> in /usr/lib/x86_64-linux-gnu/libtesseract.so.4.0.0 at 0x00007f9e95f8e000
R15=0x00007f9e961535f0: _ZNK9tesseract12SquishedDawg12edge_char_ofElib+0x0000000000000000 in /usr/lib/x86_64-linux-gnu/libtesseract.so.4.0.0 at 0x00007f9e95f8e000


Registers:
RAX=0x000000000000005d, RBX=0x00007f9eada3e644, RCX=0x0000000000000000, RDX=0x00007f9f475448b0
RSP=0x00007f9eada3e5f0, RBP=0x00007f9eada3e610, RSI=0x000000000000005d, RDI=0x00007f9eada3be20
R8 =0x000000000000005d, R9 =0x000000000000005d, R10=0x00000000ffffffa3, R11=0x0000000000000000
R12=0x0000000000000002, R13=0x00007f9e961f74a1, R14=0x00007f9e966e32e8, R15=0x00007f9e961535f0
RIP=0x00007f9e961e769b, EFLAGS=0x0000000000010246, CSGSFS=0x002b000000000033, ERR=0x0000000000000004
  TRAPNO=0x000000000000000e

Top of Stack: (sp=0x00007f9eada3e5f0)
0x00007f9eada3e5f0:   00007f9eada3e8b0 0000003000000030
0x00007f9eada3e600:   00007f9eada3eb00 00007f9eada3ea20
0x00007f9eada3e610:   736e6961746e6f63 72616863696e755f
0x00007f9eada3e620:   63696e752864695f 3a2964695f726168 

Instructions: (pc=0x00007f9e961e769b)
0x00007f9e961e767b:   be 01 00 00 00 48 8b 38 31 c0 e8 66 4b e2 ff 41
0x00007f9e961e768b:   83 fc ff 7c 18 45 85 e4 7e 2f 41 83 fc 02 7f 0d
0x00007f9e961e769b:   8b 04 25 00 00 00 00 0f 0b 0f 1f 40 00 48 8d 35
0x00007f9e961e76ab:   b2 05 03 00 48 8d 3d 22 c0 50 00 31 c9 ba 02 00 

Stack slot to memory mapping:
stack at sp + 0 slots: 0x00007f9eada3e8b0 is pointing into the stack for thread: 0x00007f9ec17aa800
stack at sp + 1 slots: 0x0000003000000030 is an unknown value
stack at sp + 2 slots: 0x00007f9eada3eb00 is pointing into the stack for thread: 0x00007f9ec17aa800
stack at sp + 3 slots: 0x00007f9eada3ea20 is pointing into the stack for thread: 0x00007f9ec17aa800
stack at sp + 4 slots: 0x736e6961746e6f63 is an unknown value
stack at sp + 5 slots: 0x72616863696e755f is an unknown value
stack at sp + 6 slots: 0x63696e752864695f is an unknown value
stack at sp + 7 slots: 0x3a2964695f726168 is an unknown value


---------------  P R O C E S S  ---------------

Threads class SMR info:
_java_thread_list=0x00007f9ed40f5580, length=34, elements={
0x00007f9f40174000, 0x00007f9f40176000, 0x00007f9f4017b800, 0x00007f9f4017d800,
0x00007f9f4017f800, 0x00007f9f40181800, 0x00007f9f4018f800, 0x00007f9f405bc800,
0x00007f9f405bf000, 0x00007f9efc001000, 0x00007f9ec0788800, 0x00007f9ec0789800,
0x00007f9ec0799000, 0x00007f9ec0c63000, 0x00007f9ec0d6f000, 0x00007f9ec13a9000,
0x00007f9ec0d78800, 0x00007f9ec179a800, 0x00007f9ec179b000, 0x00007f9ec179c800,
0x00007f9ec179e800, 0x00007f9ec17a0800, 0x00007f9ec17a2800, 0x00007f9ec17a4800,
0x00007f9ec17a6800, 0x00007f9ec17a8800, 0x00007f9ec17aa800, 0x00007f9ec17ac800,
0x00007f9ec17b2000, 0x00007f9ec17b7000, 0x00007f9ec1097800, 0x00007f9f40017000,
0x00007f9ed40ca800, 0x00007f9ed40f4800
}

Java Threads: ( => current thread )
  0x00007f9f40174000 JavaThread "Reference Handler" daemon [_thread_blocked, id=3023, stack(0x00007f9f07eff000,0x00007f9f08000000)]
  0x00007f9f40176000 JavaThread "Finalizer" daemon [_thread_blocked, id=3024, stack(0x00007f9f07dfe000,0x00007f9f07eff000)]
  0x00007f9f4017b800 JavaThread "Signal Dispatcher" daemon [_thread_blocked, id=3025, stack(0x00007f9f0732e000,0x00007f9f0742f000)]
  0x00007f9f4017d800 JavaThread "C2 CompilerThread0" daemon [_thread_blocked, id=3026, stack(0x00007f9f0722d000,0x00007f9f0732e000)]
  0x00007f9f4017f800 JavaThread "C1 CompilerThread0" daemon [_thread_blocked, id=3027, stack(0x00007f9f0712c000,0x00007f9f0722d000)]
  0x00007f9f40181800 JavaThread "Sweeper thread" daemon [_thread_blocked, id=3028, stack(0x00007f9f0702b000,0x00007f9f0712c000)]
  0x00007f9f4018f800 JavaThread "Common-Cleaner" daemon [_thread_blocked, id=3034, stack(0x00007f9f06f2a000,0x00007f9f0702b000)]
  0x00007f9f405bc800 JavaThread "Monitor Ctrl-Break" daemon [_thread_in_native, id=3036, stack(0x00007f9f06a01000,0x00007f9f06b02000)]
  0x00007f9f405bf000 JavaThread "Service Thread" daemon [_thread_blocked, id=3037, stack(0x00007f9f06900000,0x00007f9f06a01000)]
  0x00007f9efc001000 JavaThread "Attach Listener" daemon [_thread_blocked, id=3045, stack(0x00007f9f064fa000,0x00007f9f065fb000)]
  0x00007f9ec0788800 JavaThread "Catalina-utility-1" [_thread_blocked, id=3070, stack(0x00007f9f04de2000,0x00007f9f04ee3000)]
  0x00007f9ec0789800 JavaThread "Catalina-utility-2" [_thread_blocked, id=3071, stack(0x00007f9f04ce1000,0x00007f9f04de2000)]
  0x00007f9ec0799000 JavaThread "container-0" [_thread_blocked, id=3072, stack(0x00007f9f057e5000,0x00007f9f058e6000)]
  0x00007f9ec0c63000 JavaThread "mysql-cj-abandoned-connection-cleanup" daemon [_thread_blocked, id=3073, stack(0x00007f9eafeff000,0x00007f9eb0000000)]
  0x00007f9ec0d6f000 JavaThread "HikariPool-1 housekeeper" daemon [_thread_blocked, id=3075, stack(0x00007f9eafbfe000,0x00007f9eafcff000)]
  0x00007f9ec13a9000 JavaThread "Live Reload Server" daemon [_thread_in_native, id=3089, stack(0x00007f9eaeafb000,0x00007f9eaebfc000)]
  0x00007f9ec0d78800 JavaThread "File Watcher" daemon [_thread_in_native, id=3090, stack(0x00007f9eaf8fd000,0x00007f9eaf9fe000)]
  0x00007f9ec179a800 JavaThread "NioBlockingSelector.BlockPoller-1" daemon [_thread_in_native, id=3091, stack(0x00007f9eaebfc000,0x00007f9eaecfd000)]
  0x00007f9ec179b000 JavaThread "http-nio-8084-exec-1" daemon [_thread_blocked, id=3092, stack(0x00007f9eadf49000,0x00007f9eae04a000)]
  0x00007f9ec179c800 JavaThread "http-nio-8084-exec-2" daemon [_thread_blocked, id=3093, stack(0x00007f9eade48000,0x00007f9eadf49000)]
  0x00007f9ec179e800 JavaThread "http-nio-8084-exec-3" daemon [_thread_blocked, id=3094, stack(0x00007f9eadd47000,0x00007f9eade48000)]
  0x00007f9ec17a0800 JavaThread "http-nio-8084-exec-4" daemon [_thread_blocked, id=3095, stack(0x00007f9eadc46000,0x00007f9eadd47000)]
  0x00007f9ec17a2800 JavaThread "http-nio-8084-exec-5" daemon [_thread_blocked, id=3096, stack(0x00007f9eadb45000,0x00007f9eadc46000)]
  0x00007f9ec17a4800 JavaThread "http-nio-8084-exec-6" daemon [_thread_blocked, id=3097, stack(0x00007f9eae1fa000,0x00007f9eae2fb000)]
  0x00007f9ec17a6800 JavaThread "http-nio-8084-exec-7" daemon [_thread_blocked, id=3098, stack(0x00007f9eae0f9000,0x00007f9eae1fa000)]
  0x00007f9ec17a8800 JavaThread "http-nio-8084-exec-8" daemon [_thread_blocked, id=3099, stack(0x00007f9eada44000,0x00007f9eadb45000)]
=>0x00007f9ec17aa800 JavaThread "http-nio-8084-exec-9" daemon [_thread_in_native, id=3100, stack(0x00007f9ead943000,0x00007f9eada44000)]
  0x00007f9ec17ac800 JavaThread "http-nio-8084-exec-10" daemon [_thread_blocked, id=3101, stack(0x00007f9ead842000,0x00007f9ead943000)]
  0x00007f9ec17b2000 JavaThread "http-nio-8084-ClientPoller-0" daemon [_thread_in_native, id=3102, stack(0x00007f9ead741000,0x00007f9ead842000)]
  0x00007f9ec17b7000 JavaThread "http-nio-8084-ClientPoller-1" daemon [_thread_in_native, id=3103, stack(0x00007f9ead640000,0x00007f9ead741000)]
  0x00007f9ec1097800 JavaThread "http-nio-8084-Acceptor-0" daemon [_thread_in_native, id=3104, stack(0x00007f9ead53f000,0x00007f9ead640000)]
  0x00007f9f40017000 JavaThread "DestroyJavaVM" [_thread_blocked, id=3015, stack(0x00007f9f47861000,0x00007f9f47962000)]
  0x00007f9ed40ca800 JavaThread "Java2D Disposer" daemon [_thread_blocked, id=3809, stack(0x00007f9f05ce8000,0x00007f9f05de9000)]
  0x00007f9ed40f4800 JavaThread "process reaper" daemon [_thread_blocked, id=3822, stack(0x00007f9f477a2000,0x00007f9f477c4000)]

Other Threads:
  0x00007f9f40171000 VMThread "VM Thread" [stack: 0x00007f9f1c020000,0x00007f9f1c120000] [id=3022]
  0x00007f9f405c0800 WatcherThread [stack: 0x00007f9f06800000,0x00007f9f06900000] [id=3038]
  0x00007f9f4002d000 GCTaskThread "GC Thread#0" [stack: 0x00007f9f27f63000,0x00007f9f28063000] [id=3017]
  0x00007f9f0c001000 GCTaskThread "GC Thread#1" [stack: 0x00007f9f063fa000,0x00007f9f064fa000] [id=3047]
  0x00007f9f0c002800 GCTaskThread "GC Thread#2" [stack: 0x00007f9f062f8000,0x00007f9f063f8000] [id=3048]
  0x00007f9f0c00d800 GCTaskThread "GC Thread#3" [stack: 0x00007f9f056e5000,0x00007f9f057e5000] [id=3054]
  0x00007f9f4005e000 ConcurrentGCThread "G1 Main Marker" [stack: 0x00007f9f24fe9000,0x00007f9f250e9000] [id=3018]
  0x00007f9f40060000 ConcurrentGCThread "G1 Conc#0" [stack: 0x00007f9f24ee7000,0x00007f9f24fe7000] [id=3019]
  0x00007f9f400d8000 ConcurrentGCThread "G1 Refine#0" [stack: 0x00007f9f249e1000,0x00007f9f24ae1000] [id=3020]
  0x00007f9f14001000 ConcurrentGCThread "G1 Refine#1" [stack: 0x00007f9f061f6000,0x00007f9f062f6000] [id=3049]
  0x00007f9f400d9800 ConcurrentGCThread "G1 Young RemSet Sampling" [stack: 0x00007f9f248df000,0x00007f9f249df000] [id=3021]

Threads with active compile tasks:

VM state:not at safepoint (normal execution)

VM Mutex/Monitor currently owned by a thread: None

Heap address: 0x0000000084800000, size: 1976 MB, Compressed Oops mode: 32-bit
Narrow klass base: 0x0000000800000000, Narrow klass shift: 3
Compressed class space size: 1073741824 Address: 0x0000000840000000

Heap:
 garbage-first heap   total 129024K, used 86046K [0x0000000084800000, 0x0000000100000000)
  region size 1024K, 4 young (4096K), 3 survivors (3072K)
 Metaspace       used 67325K, capacity 68884K, committed 69020K, reserved 1110016K
  class space    used 8785K, capacity 9384K, committed 9416K, reserved 1048576K
Heap Regions: E=young(eden), S=young(survivor), O=old, HS=humongous(starts), HC=humongous(continues), CS=collection set, F=free, A=archive, TAMS=top-at-mark-start (previous, next)
|   0|0x0000000084800000, 0x0000000084900000, 0x0000000084900000|100%|HS|  |TAMS 0x0000000084900000, 0x0000000084800000| Complete 
|   1|0x0000000084900000, 0x0000000084a00000, 0x0000000084a00000|100%| O|  |TAMS 0x0000000084a00000, 0x0000000084900000| Untracked 
|   2|0x0000000084a00000, 0x0000000084b00000, 0x0000000084b00000|100%| O|  |TAMS 0x0000000084b00000, 0x0000000084a00000| Untracked 
|   3|0x0000000084b00000, 0x0000000084c00000, 0x0000000084c00000|100%| O|  |TAMS 0x0000000084c00000, 0x0000000084b00000| Untracked 
|   4|0x0000000084c00000, 0x0000000084d00000, 0x0000000084d00000|100%| O|  |TAMS 0x0000000084d00000, 0x0000000084c00000| Untracked 
|   5|0x0000000084d00000, 0x0000000084e00000, 0x0000000084e00000|100%| O|  |TAMS 0x0000000084e00000, 0x0000000084d00000| Untracked 
|   6|0x0000000084e00000, 0x0000000084f00000, 0x0000000084f00000|100%| O|  |TAMS 0x0000000084f00000, 0x0000000084e00000| Untracked 
|   7|0x0000000084f00000, 0x0000000085000000, 0x0000000085000000|100%| O|  |TAMS 0x0000000085000000, 0x0000000084f00000| Untracked 
|   8|0x0000000085000000, 0x0000000085100000, 0x0000000085100000|100%| O|  |TAMS 0x0000000085100000, 0x0000000085000000| Untracked 
|   9|0x0000000085100000, 0x0000000085200000, 0x0000000085200000|100%| O|  |TAMS 0x0000000085200000, 0x0000000085100000| Untracked 
|  10|0x0000000085200000, 0x0000000085300000, 0x0000000085300000|100%| O|  |TAMS 0x0000000085300000, 0x0000000085200000| Untracked 
|  11|0x0000000085300000, 0x0000000085400000, 0x0000000085400000|100%| O|  |TAMS 0x0000000085400000, 0x0000000085300000| Untracked 
|  12|0x0000000085400000, 0x0000000085500000, 0x0000000085500000|100%| O|  |TAMS 0x0000000085500000, 0x0000000085400000| Untracked 
|  13|0x0000000085500000, 0x0000000085600000, 0x0000000085600000|100%| O|  |TAMS 0x0000000085600000, 0x0000000085500000| Untracked 
|  14|0x0000000085600000, 0x0000000085700000, 0x0000000085700000|100%| O|  |TAMS 0x0000000085700000, 0x0000000085600000| Untracked 
|  15|0x0000000085700000, 0x0000000085800000, 0x0000000085800000|100%| O|  |TAMS 0x0000000085800000, 0x0000000085700000| Untracked 
|  16|0x0000000085800000, 0x0000000085900000, 0x0000000085900000|100%| O|  |TAMS 0x0000000085900000, 0x0000000085800000| Untracked 
|  17|0x0000000085900000, 0x0000000085a00000, 0x0000000085a00000|100%| O|  |TAMS 0x0000000085a00000, 0x0000000085900000| Untracked 
|  18|0x0000000085a00000, 0x0000000085b00000, 0x0000000085b00000|100%| O|  |TAMS 0x0000000085b00000, 0x0000000085a00000| Untracked 
|  19|0x0000000085b00000, 0x0000000085c00000, 0x0000000085c00000|100%| O|  |TAMS 0x0000000085c00000, 0x0000000085b00000| Untracked 
|  20|0x0000000085c00000, 0x0000000085d00000, 0x0000000085d00000|100%| O|  |TAMS 0x0000000085d00000, 0x0000000085c00000| Untracked 
|  21|0x0000000085d00000, 0x0000000085e00000, 0x0000000085e00000|100%| O|  |TAMS 0x0000000085e00000, 0x0000000085d00000| Untracked 
|  22|0x0000000085e00000, 0x0000000085f00000, 0x0000000085f00000|100%| O|  |TAMS 0x0000000085f00000, 0x0000000085e00000| Untracked 
|  23|0x0000000085f00000, 0x0000000086000000, 0x0000000086000000|100%| O|  |TAMS 0x0000000086000000, 0x0000000085f00000| Untracked 
|  24|0x0000000086000000, 0x0000000086100000, 0x0000000086100000|100%| O|  |TAMS 0x0000000086100000, 0x0000000086000000| Untracked 
|  25|0x0000000086100000, 0x0000000086200000, 0x0000000086200000|100%| O|  |TAMS 0x0000000086200000, 0x0000000086100000| Untracked 
|  26|0x0000000086200000, 0x0000000086300000, 0x0000000086300000|100%| O|  |TAMS 0x0000000086300000, 0x0000000086200000| Untracked 
|  27|0x0000000086300000, 0x0000000086400000, 0x0000000086400000|100%|HS|  |TAMS 0x0000000086400000, 0x0000000086300000| Complete 
|  28|0x0000000086400000, 0x0000000086500000, 0x0000000086500000|100%|HC|  |TAMS 0x0000000086500000, 0x0000000086400000| Complete 
|  29|0x0000000086500000, 0x0000000086600000, 0x0000000086600000|100%|HC|  |TAMS 0x0000000086600000, 0x0000000086500000| Complete 
|  30|0x0000000086600000, 0x0000000086700000, 0x0000000086700000|100%|HC|  |TAMS 0x0000000086700000, 0x0000000086600000| Complete 
|  31|0x0000000086700000, 0x0000000086800000, 0x0000000086800000|100%|HC|  |TAMS 0x0000000086800000, 0x0000000086700000| Complete 
|  32|0x0000000086800000, 0x0000000086900000, 0x0000000086900000|100%|HC|  |TAMS 0x0000000086900000, 0x0000000086800000| Complete 
|  33|0x0000000086900000, 0x0000000086a00000, 0x0000000086a00000|100%|HC|  |TAMS 0x0000000086a00000, 0x0000000086900000| Complete 
|  34|0x0000000086a00000, 0x0000000086b00000, 0x0000000086b00000|100%|HC|  |TAMS 0x0000000086b00000, 0x0000000086a00000| Complete 
|  35|0x0000000086b00000, 0x0000000086c00000, 0x0000000086c00000|100%|HC|  |TAMS 0x0000000086c00000, 0x0000000086b00000| Complete 
|  36|0x0000000086c00000, 0x0000000086d00000, 0x0000000086d00000|100%|HC|  |TAMS 0x0000000086d00000, 0x0000000086c00000| Complete 
|  37|0x0000000086d00000, 0x0000000086e00000, 0x0000000086e00000|100%|HC|  |TAMS 0x0000000086e00000, 0x0000000086d00000| Complete 
|  38|0x0000000086e00000, 0x0000000086f00000, 0x0000000086f00000|100%|HC|  |TAMS 0x0000000086f00000, 0x0000000086e00000| Complete 
|  39|0x0000000086f00000, 0x0000000087000000, 0x0000000087000000|100%| O|  |TAMS 0x0000000087000000, 0x0000000086f00000| Untracked 
|  40|0x0000000087000000, 0x0000000087100000, 0x0000000087100000|100%| O|  |TAMS 0x0000000087100000, 0x0000000087000000| Untracked 
|  41|0x0000000087100000, 0x0000000087200000, 0x0000000087200000|100%| O|  |TAMS 0x0000000087200000, 0x0000000087100000| Untracked 
|  42|0x0000000087200000, 0x0000000087300000, 0x0000000087300000|100%| O|  |TAMS 0x0000000087300000, 0x0000000087200000| Untracked 
|  43|0x0000000087300000, 0x0000000087400000, 0x0000000087400000|100%| O|  |TAMS 0x0000000087400000, 0x0000000087300000| Untracked 
|  44|0x0000000087400000, 0x0000000087500000, 0x0000000087500000|100%| O|  |TAMS 0x0000000087500000, 0x0000000087400000| Untracked 
|  45|0x0000000087500000, 0x0000000087525200, 0x0000000087600000| 14%| O|  |TAMS 0x0000000087525200, 0x0000000087500000| Untracked 
|  46|0x0000000087600000, 0x0000000087700000, 0x0000000087700000|100%|HS|  |TAMS 0x0000000087600000, 0x0000000087600000| Complete 
|  47|0x0000000087700000, 0x0000000087800000, 0x0000000087800000|100%|HC|  |TAMS 0x0000000087700000, 0x0000000087700000| Complete 
|  48|0x0000000087800000, 0x0000000087900000, 0x0000000087900000|100%|HC|  |TAMS 0x0000000087800000, 0x0000000087800000| Complete 
|  49|0x0000000087900000, 0x0000000087a00000, 0x0000000087a00000|100%|HC|  |TAMS 0x0000000087900000, 0x0000000087900000| Complete 
|  50|0x0000000087a00000, 0x0000000087b00000, 0x0000000087b00000|100%|HC|  |TAMS 0x0000000087a00000, 0x0000000087a00000| Complete 
|  51|0x0000000087b00000, 0x0000000087c00000, 0x0000000087c00000|100%|HC|  |TAMS 0x0000000087b00000, 0x0000000087b00000| Complete 
|  52|0x0000000087c00000, 0x0000000087d00000, 0x0000000087d00000|100%|HC|  |TAMS 0x0000000087c00000, 0x0000000087c00000| Complete 
|  53|0x0000000087d00000, 0x0000000087e00000, 0x0000000087e00000|100%|HC|  |TAMS 0x0000000087d00000, 0x0000000087d00000| Complete 
|  54|0x0000000087e00000, 0x0000000087f00000, 0x0000000087f00000|100%|HC|  |TAMS 0x0000000087e00000, 0x0000000087e00000| Complete 
|  55|0x0000000087f00000, 0x0000000088000000, 0x0000000088000000|100%|HC|  |TAMS 0x0000000087f00000, 0x0000000087f00000| Complete 
|  56|0x0000000088000000, 0x0000000088100000, 0x0000000088100000|100%|HC|  |TAMS 0x0000000088000000, 0x0000000088000000| Complete 
|  57|0x0000000088100000, 0x0000000088200000, 0x0000000088200000|100%|HC|  |TAMS 0x0000000088100000, 0x0000000088100000| Complete 
|  58|0x0000000088200000, 0x0000000088300000, 0x0000000088300000|100%|HS|  |TAMS 0x0000000088300000, 0x0000000088200000| Complete 
|  59|0x0000000088300000, 0x0000000088400000, 0x0000000088400000|100%|HC|  |TAMS 0x0000000088400000, 0x0000000088300000| Complete 
|  60|0x0000000088400000, 0x0000000088500000, 0x0000000088500000|100%|HC|  |TAMS 0x0000000088500000, 0x0000000088400000| Complete 
|  61|0x0000000088500000, 0x0000000088600000, 0x0000000088600000|100%|HC|  |TAMS 0x0000000088600000, 0x0000000088500000| Complete 
|  62|0x0000000088600000, 0x0000000088700000, 0x0000000088700000|100%|HC|  |TAMS 0x0000000088700000, 0x0000000088600000| Complete 
|  63|0x0000000088700000, 0x0000000088800000, 0x0000000088800000|100%|HC|  |TAMS 0x0000000088800000, 0x0000000088700000| Complete 
|  64|0x0000000088800000, 0x0000000088900000, 0x0000000088900000|100%|HC|  |TAMS 0x0000000088900000, 0x0000000088800000| Complete 
|  65|0x0000000088900000, 0x0000000088a00000, 0x0000000088a00000|100%|HC|  |TAMS 0x0000000088a00000, 0x0000000088900000| Complete 
|  66|0x0000000088a00000, 0x0000000088b00000, 0x0000000088b00000|100%|HC|  |TAMS 0x0000000088b00000, 0x0000000088a00000| Complete 
|  67|0x0000000088b00000, 0x0000000088c00000, 0x0000000088c00000|100%|HC|  |TAMS 0x0000000088c00000, 0x0000000088b00000| Complete 
|  68|0x0000000088c00000, 0x0000000088d00000, 0x0000000088d00000|100%|HC|  |TAMS 0x0000000088d00000, 0x0000000088c00000| Complete 
|  69|0x0000000088d00000, 0x0000000088e00000, 0x0000000088e00000|100%|HC|  |TAMS 0x0000000088e00000, 0x0000000088d00000| Complete 
|  70|0x0000000088e00000, 0x0000000088f00000, 0x0000000088f00000|100%|HS|  |TAMS 0x0000000088e00000, 0x0000000088e00000| Complete 
|  71|0x0000000088f00000, 0x0000000089000000, 0x0000000089000000|100%|HC|  |TAMS 0x0000000088f00000, 0x0000000088f00000| Complete 
|  72|0x0000000089000000, 0x0000000089100000, 0x0000000089100000|100%|HC|  |TAMS 0x0000000089000000, 0x0000000089000000| Complete 
|  73|0x0000000089100000, 0x0000000089200000, 0x0000000089200000|100%|HC|  |TAMS 0x0000000089100000, 0x0000000089100000| Complete 
|  74|0x0000000089200000, 0x0000000089300000, 0x0000000089300000|100%|HC|  |TAMS 0x0000000089200000, 0x0000000089200000| Complete 
|  75|0x0000000089300000, 0x0000000089400000, 0x0000000089400000|100%|HC|  |TAMS 0x0000000089300000, 0x0000000089300000| Complete 
|  76|0x0000000089400000, 0x0000000089500000, 0x0000000089500000|100%|HC|  |TAMS 0x0000000089400000, 0x0000000089400000| Complete 
|  77|0x0000000089500000, 0x0000000089600000, 0x0000000089600000|100%|HC|  |TAMS 0x0000000089500000, 0x0000000089500000| Complete 
|  78|0x0000000089600000, 0x0000000089700000, 0x0000000089700000|100%|HC|  |TAMS 0x0000000089600000, 0x0000000089600000| Complete 
|  79|0x0000000089700000, 0x0000000089800000, 0x0000000089800000|100%|HC|  |TAMS 0x0000000089700000, 0x0000000089700000| Complete 
|  80|0x0000000089800000, 0x0000000089900000, 0x0000000089900000|100%|HC|  |TAMS 0x0000000089800000, 0x0000000089800000| Complete 
|  81|0x0000000089900000, 0x0000000089a00000, 0x0000000089a00000|100%|HC|  |TAMS 0x0000000089900000, 0x0000000089900000| Complete 
|  82|0x0000000089a00000, 0x0000000089a00000, 0x0000000089b00000|  0%| F|  |TAMS 0x0000000089a00000, 0x0000000089a00000| Untracked 
|  83|0x0000000089b00000, 0x0000000089b00000, 0x0000000089c00000|  0%| F|  |TAMS 0x0000000089b00000, 0x0000000089b00000| Untracked 
|  84|0x0000000089c00000, 0x0000000089c00000, 0x0000000089d00000|  0%| F|  |TAMS 0x0000000089c00000, 0x0000000089c00000| Untracked 
|  85|0x0000000089d00000, 0x0000000089d00000, 0x0000000089e00000|  0%| F|  |TAMS 0x0000000089d00000, 0x0000000089d00000| Untracked 
|  86|0x0000000089e00000, 0x0000000089e00000, 0x0000000089f00000|  0%| F|  |TAMS 0x0000000089e00000, 0x0000000089e00000| Untracked 
|  87|0x0000000089f00000, 0x0000000089f00000, 0x000000008a000000|  0%| F|  |TAMS 0x0000000089f00000, 0x0000000089f00000| Untracked 
|  88|0x000000008a000000, 0x000000008a000000, 0x000000008a100000|  0%| F|  |TAMS 0x000000008a000000, 0x000000008a000000| Untracked 
|  89|0x000000008a100000, 0x000000008a100000, 0x000000008a200000|  0%| F|  |TAMS 0x000000008a100000, 0x000000008a100000| Untracked 
|  90|0x000000008a200000, 0x000000008a200000, 0x000000008a300000|  0%| F|  |TAMS 0x000000008a200000, 0x000000008a200000| Untracked 
|  91|0x000000008a300000, 0x000000008a300000, 0x000000008a400000|  0%| F|  |TAMS 0x000000008a300000, 0x000000008a300000| Untracked 
|  92|0x000000008a400000, 0x000000008a400000, 0x000000008a500000|  0%| F|  |TAMS 0x000000008a400000, 0x000000008a400000| Untracked 
|  93|0x000000008a500000, 0x000000008a500000, 0x000000008a600000|  0%| F|  |TAMS 0x000000008a500000, 0x000000008a500000| Untracked 
|  94|0x000000008a600000, 0x000000008a600000, 0x000000008a700000|  0%| F|  |TAMS 0x000000008a600000, 0x000000008a600000| Untracked 
|  95|0x000000008a700000, 0x000000008a700000, 0x000000008a800000|  0%| F|  |TAMS 0x000000008a700000, 0x000000008a700000| Untracked 
|  96|0x000000008a800000, 0x000000008a800000, 0x000000008a900000|  0%| F|  |TAMS 0x000000008a800000, 0x000000008a800000| Untracked 
|  97|0x000000008a900000, 0x000000008a900000, 0x000000008aa00000|  0%| F|  |TAMS 0x000000008a900000, 0x000000008a900000| Untracked 
|  98|0x000000008aa00000, 0x000000008aa00000, 0x000000008ab00000|  0%| F|  |TAMS 0x000000008aa00000, 0x000000008aa00000| Untracked 
|  99|0x000000008ab00000, 0x000000008ab00000, 0x000000008ac00000|  0%| F|  |TAMS 0x000000008ab00000, 0x000000008ab00000| Untracked 
| 100|0x000000008ac00000, 0x000000008ac00000, 0x000000008ad00000|  0%| F|  |TAMS 0x000000008ac00000, 0x000000008ac00000| Untracked 
| 101|0x000000008ad00000, 0x000000008ad00000, 0x000000008ae00000|  0%| F|  |TAMS 0x000000008ad00000, 0x000000008ad00000| Untracked 
| 102|0x000000008ae00000, 0x000000008ae00000, 0x000000008af00000|  0%| F|  |TAMS 0x000000008ae00000, 0x000000008ae00000| Untracked 
| 103|0x000000008af00000, 0x000000008af00000, 0x000000008b000000|  0%| F|  |TAMS 0x000000008af00000, 0x000000008af00000| Untracked 
| 104|0x000000008b000000, 0x000000008b000000, 0x000000008b100000|  0%| F|  |TAMS 0x000000008b000000, 0x000000008b000000| Untracked 
| 105|0x000000008b100000, 0x000000008b100000, 0x000000008b200000|  0%| F|  |TAMS 0x000000008b100000, 0x000000008b100000| Untracked 
| 106|0x000000008b200000, 0x000000008b200000, 0x000000008b300000|  0%| F|  |TAMS 0x000000008b200000, 0x000000008b200000| Untracked 
| 107|0x000000008b300000, 0x000000008b300000, 0x000000008b400000|  0%| F|  |TAMS 0x000000008b300000, 0x000000008b300000| Untracked 
| 108|0x000000008b400000, 0x000000008b400000, 0x000000008b500000|  0%| F|  |TAMS 0x000000008b400000, 0x000000008b400000| Untracked 
| 109|0x000000008b500000, 0x000000008b500000, 0x000000008b600000|  0%| F|  |TAMS 0x000000008b500000, 0x000000008b500000| Untracked 
| 110|0x000000008b600000, 0x000000008b600000, 0x000000008b700000|  0%| F|  |TAMS 0x000000008b600000, 0x000000008b600000| Untracked 
| 111|0x000000008b700000, 0x000000008b700000, 0x000000008b800000|  0%| F|  |TAMS 0x000000008b700000, 0x000000008b700000| Untracked 
| 112|0x000000008b800000, 0x000000008b800000, 0x000000008b900000|  0%| F|  |TAMS 0x000000008b800000, 0x000000008b800000| Untracked 
| 113|0x000000008b900000, 0x000000008b900000, 0x000000008ba00000|  0%| F|  |TAMS 0x000000008b900000, 0x000000008b900000| Untracked 
| 114|0x000000008ba00000, 0x000000008ba00000, 0x000000008bb00000|  0%| F|  |TAMS 0x000000008ba00000, 0x000000008ba00000| Untracked 
| 115|0x000000008bb00000, 0x000000008bb00000, 0x000000008bc00000|  0%| F|  |TAMS 0x000000008bb00000, 0x000000008bb00000| Untracked 
| 116|0x000000008bc00000, 0x000000008bc00000, 0x000000008bd00000|  0%| F|  |TAMS 0x000000008bc00000, 0x000000008bc00000| Untracked 
| 117|0x000000008bd00000, 0x000000008bd00000, 0x000000008be00000|  0%| F|  |TAMS 0x000000008bd00000, 0x000000008bd00000| Untracked 
| 118|0x000000008be00000, 0x000000008be00000, 0x000000008bf00000|  0%| F|  |TAMS 0x000000008be00000, 0x000000008be00000| Untracked 
| 119|0x000000008bf00000, 0x000000008bf00000, 0x000000008c000000|  0%| F|  |TAMS 0x000000008bf00000, 0x000000008bf00000| Untracked 
| 120|0x000000008c000000, 0x000000008c044620, 0x000000008c100000| 26%| S|CS|TAMS 0x000000008c000000, 0x000000008c000000| Complete 
| 121|0x000000008c100000, 0x000000008c200000, 0x000000008c200000|100%| S|CS|TAMS 0x000000008c100000, 0x000000008c100000| Complete 
| 122|0x000000008c200000, 0x000000008c300000, 0x000000008c300000|100%| S|CS|TAMS 0x000000008c200000, 0x000000008c200000| Complete 
| 123|0x000000008c300000, 0x000000008c3ed8f0, 0x000000008c400000| 92%| E|  |TAMS 0x000000008c300000, 0x000000008c300000| Complete 
|1974|0x00000000ffe00000, 0x00000000ffe34000, 0x00000000fff00000| 20%|OA|  |TAMS 0x00000000ffe34000, 0x00000000ffe00000| Untracked 
|1975|0x00000000fff00000, 0x00000000fff6a000, 0x0000000100000000| 41%|CA|  |TAMS 0x00000000fff6a000, 0x00000000fff00000| Untracked 

Card table byte_map: [0x00007f9f273a5000,0x00007f9f27781000] _byte_map_base: 0x00007f9f26f81000

Marking Bits (Prev, Next): (CMBitMap*) 0x00007f9f40055590, (CMBitMap*) 0x00007f9f40055558
 Prev Bits: [0x00007f9f1e120000, 0x00007f9f20000000)
 Next Bits: [0x00007f9f250e9000, 0x00007f9f26fc9000)

Polling page: 0x00007f9f4797c000

Metaspace:

Usage:
  Non-class:     58.11 MB capacity,    57.17 MB ( 98%) used,   763.93 KB (  1%) free+waste,   196.56 KB ( <1%) overhead. 
      Class:      9.16 MB capacity,     8.58 MB ( 94%) used,   507.56 KB (  5%) free+waste,    90.75 KB ( <1%) overhead. 
       Both:     67.27 MB capacity,    65.75 MB ( 98%) used,     1.24 MB (  2%) free+waste,   287.31 KB ( <1%) overhead. 

Virtual space:
  Non-class space:       60.00 MB reserved,      58.21 MB ( 97%) committed 
      Class space:        1.00 GB reserved,       9.20 MB ( <1%) committed 
             Both:        1.06 GB reserved,      67.40 MB (  6%) committed 

Chunk freelists:
   Non-Class:  11.00 KB
       Class:  3.00 KB
        Both:  14.00 KB

CodeHeap 'non-profiled nmethods': size=120032Kb used=4779Kb max_used=4779Kb free=115252Kb
 bounds [0x00007f9f2fc16000, 0x00007f9f300c6000, 0x00007f9f3714e000]
CodeHeap 'profiled nmethods': size=120032Kb used=16239Kb max_used=16239Kb free=103793Kb
 bounds [0x00007f9f286de000, 0x00007f9f296ce000, 0x00007f9f2fc16000]
CodeHeap 'non-nmethods': size=5696Kb used=1382Kb max_used=1397Kb free=4313Kb
 bounds [0x00007f9f2814e000, 0x00007f9f283be000, 0x00007f9f286de000]
 total_blobs=9293 nmethods=6588 adapters=773
 compilation: enabled
              stopped_count=0, restarted_count=0
 full_count=0

Compilation events (10 events):
Event: 167.829 Thread 0x00007f9f4017d800 6806       4       sun.awt.image.ByteInterleavedRaster::setDataElements (15 bytes)
Event: 167.830 Thread 0x00007f9f4017d800 nmethod 6806 0x00007f9f300bf490 code [0x00007f9f300bf640, 0x00007f9f300bf728]
Event: 167.830 Thread 0x00007f9f4017d800 6807       4       sun.awt.image.ByteInterleavedRaster::getDataElements (15 bytes)
Event: 167.832 Thread 0x00007f9f4017d800 nmethod 6807 0x00007f9f300bf810 code [0x00007f9f300bf9c0, 0x00007f9f300bfa88]
Event: 167.833 Thread 0x00007f9f4017d800 6809       4       sun.awt.image.ByteInterleavedRaster::getByteData (851 bytes)
Event: 167.840 Thread 0x00007f9f4017d800 nmethod 6809 0x00007f9f300bfb90 code [0x00007f9f300bfd40, 0x00007f9f300c0178]
Event: 167.840 Thread 0x00007f9f4017d800 6808       4       sun.awt.image.ByteInterleavedRaster::putByteData (834 bytes)
Event: 167.845 Thread 0x00007f9f4017d800 nmethod 6808 0x00007f9f300c0490 code [0x00007f9f300c0640, 0x00007f9f300c0978]
Event: 171.680 Thread 0x00007f9f4017f800 6810       3       sun.nio.ch.SelectorImpl::keys (9 bytes)
Event: 171.680 Thread 0x00007f9f4017f800 nmethod 6810 0x00007f9f296be110 code [0x00007f9f296be300, 0x00007f9f296be6c8]

GC Heap History (10 events):
Event: 32.988 GC heap before
{Heap before GC invocations=12 (full 0):
 garbage-first heap   total 129024K, used 94604K [0x0000000084800000, 0x0000000100000000)
  region size 1024K, 74 young (75776K), 6 survivors (6144K)
 Metaspace       used 46855K, capacity 47991K, committed 48540K, reserved 1091584K
  class space    used 6121K, capacity 6564K, committed 6600K, reserved 1048576K
}
Event: 33.005 GC heap after
{Heap after GC invocations=13 (full 0):
 garbage-first heap   total 129024K, used 29075K [0x0000000084800000, 0x0000000100000000)
  region size 1024K, 5 young (5120K), 5 survivors (5120K)
 Metaspace       used 46855K, capacity 47991K, committed 48540K, reserved 1091584K
  class space    used 6121K, capacity 6564K, committed 6600K, reserved 1048576K
}
Event: 35.444 GC heap before
{Heap before GC invocations=14 (full 0):
 garbage-first heap   total 129024K, used 98707K [0x0000000084800000, 0x0000000100000000)
  region size 1024K, 73 young (74752K), 5 survivors (5120K)
 Metaspace       used 55798K, capacity 57215K, committed 57628K, reserved 1099776K
  class space    used 7402K, capacity 7923K, committed 8008K, reserved 1048576K
}
Event: 35.469 GC heap after
{Heap after GC invocations=15 (full 0):
 garbage-first heap   total 129024K, used 31850K [0x0000000084800000, 0x0000000100000000)
  region size 1024K, 8 young (8192K), 8 survivors (8192K)
 Metaspace       used 55798K, capacity 57215K, committed 57628K, reserved 1099776K
  class space    used 7402K, capacity 7923K, committed 8008K, reserved 1048576K
}
Event: 91.905 GC heap before
{Heap before GC invocations=15 (full 0):
 garbage-first heap   total 129024K, used 99434K [0x0000000084800000, 0x0000000100000000)
  region size 1024K, 74 young (75776K), 8 survivors (8192K)
 Metaspace       used 61540K, capacity 63056K, committed 63260K, reserved 1103872K
  class space    used 8141K, capacity 8726K, committed 8776K, reserved 1048576K
}
Event: 91.919 GC heap after
{Heap after GC invocations=16 (full 0):
 garbage-first heap   total 129024K, used 34810K [0x0000000084800000, 0x0000000100000000)
  region size 1024K, 7 young (7168K), 7 survivors (7168K)
 Metaspace       used 61540K, capacity 63056K, committed 63260K, reserved 1103872K
  class space    used 8141K, capacity 8726K, committed 8776K, reserved 1048576K
}
Event: 167.627 GC heap before
{Heap before GC invocations=16 (full 0):
 garbage-first heap   total 129024K, used 89082K [0x0000000084800000, 0x0000000100000000)
  region size 1024K, 38 young (38912K), 7 survivors (7168K)
 Metaspace       used 67299K, capacity 68884K, committed 69020K, reserved 1110016K
  class space    used 8784K, capacity 9384K, committed 9416K, reserved 1048576K
}
Event: 167.650 GC heap after
{Heap after GC invocations=17 (full 0):
 garbage-first heap   total 129024K, used 48914K [0x0000000084800000, 0x0000000100000000)
  region size 1024K, 6 young (6144K), 6 survivors (6144K)
 Metaspace       used 67299K, capacity 68884K, committed 69020K, reserved 1110016K
  class space    used 8784K, capacity 9384K, committed 9416K, reserved 1048576K
}
Event: 167.786 GC heap before
{Heap before GC invocations=18 (full 0):
 garbage-first heap   total 129024K, used 61202K [0x0000000084800000, 0x0000000100000000)
  region size 1024K, 7 young (7168K), 6 survivors (6144K)
 Metaspace       used 67310K, capacity 68884K, committed 69020K, reserved 1110016K
  class space    used 8784K, capacity 9384K, committed 9416K, reserved 1048576K
}
Event: 167.814 GC heap after
{Heap after GC invocations=19 (full 0):
 garbage-first heap   total 129024K, used 61470K [0x0000000084800000, 0x0000000100000000)
  region size 1024K, 3 young (3072K), 3 survivors (3072K)
 Metaspace       used 67310K, capacity 68884K, committed 69020K, reserved 1110016K
  class space    used 8784K, capacity 9384K, committed 9416K, reserved 1048576K
}

Deoptimization events (10 events):
Event: 150.838 Thread 0x00007f9ec17aa800 Uncommon trap: reason=unstable_if action=reinterpret pc=0x00007f9f2fcedae4 method=java.nio.Buffer.<init>(IIII)V @ 44 c2
Event: 150.885 Thread 0x00007f9ec17aa800 Uncommon trap: reason=unstable_if action=reinterpret pc=0x00007f9f300a2d10 method=org.apache.tomcat.util.http.fileupload.MultipartStream.findSeparator()I @ 55 c2
Event: 151.039 Thread 0x00007f9ec17aa800 Uncommon trap: reason=class_check action=maybe_recompile pc=0x00007f9f2ffd0df8 method=org.springframework.core.annotation.AnnotatedElementUtils.searchWithFindSemantics(Ljava/lang/reflect/AnnotatedElement;Ljava/util/Set;Ljava/lang/String;Ljava/lang/Class;L
Event: 151.039 Thread 0x00007f9ec17aa800 Uncommon trap: reason=class_check action=maybe_recompile pc=0x00007f9f2ffd33a4 method=org.springframework.core.annotation.AnnotatedElementUtils.searchWithFindSemantics(Ljava/lang/reflect/AnnotatedElement;Ljava/util/Set;Ljava/lang/String;Ljava/lang/Class;L
Event: 151.039 Thread 0x00007f9ec17aa800 Uncommon trap: reason=class_check action=maybe_recompile pc=0x00007f9f3006e3f4 method=java.lang.String.equals(Ljava/lang/Object;)Z @ 8 c2
Event: 151.048 Thread 0x00007f9ec17aa800 Uncommon trap: reason=unstable_if action=reinterpret pc=0x00007f9f2fffcb18 method=java.nio.channels.Channels$1.write([BII)V @ 46 c2
Event: 162.842 Thread 0x00007f9ec17aa800 Uncommon trap: reason=unstable_if action=reinterpret pc=0x00007f9f300b8b14 method=com.sun.imageio.plugins.jpeg.JPEGBuffer.loadBuf(I)V @ 152 c2
Event: 164.273 Thread 0x00007f9ec17aa800 Uncommon trap: reason=unstable_if action=reinterpret pc=0x00007f9f2fcb3aa8 method=java.lang.Integer.stringSize(I)I @ 3 c2
Event: 167.652 Thread 0x00007f9f4018f800 Uncommon trap: reason=class_check action=maybe_recompile pc=0x00007f9f2fdb6af0 method=jdk.internal.ref.PhantomCleanable.clean()V @ 12 c2
Event: 167.653 Thread 0x00007f9ec17aa800 Uncommon trap: reason=unstable_if action=reinterpret pc=0x00007f9f300b7384 method=sun.awt.image.ByteComponentRaster.verify()V @ 188 c2

Classes redefined (0 events):
No events

Internal exceptions (10 events):
Event: 39.458 Thread 0x00007f9ecc004800 Exception <a 'sun/nio/fs/UnixException'{0x0000000088449cf8}> (0x0000000088449cf8) thrown at [/build/openjdk-lts-aMvVsb/openjdk-lts-11.0.2+9/src/hotspot/share/prims/jni.cpp, line 615]
Event: 152.706 Thread 0x00007f9ec17aa800 Exception <a 'java/lang/ClassNotFoundException'{0x000000008ae6f648}: sun/awt/resources/spi/awtProvider> (0x000000008ae6f648) thrown at [/build/openjdk-lts-aMvVsb/openjdk-lts-11.0.2+9/src/hotspot/share/classfile/systemDictionary.cpp, line 231]
Event: 152.717 Thread 0x00007f9ec17aa800 Exception <a 'java/io/FileNotFoundException'{0x000000008aeb6630}> (0x000000008aeb6630) thrown at [/build/openjdk-lts-aMvVsb/openjdk-lts-11.0.2+9/src/hotspot/share/prims/jni.cpp, line 615]
Event: 164.870 Thread 0x00007f9ec17aa800 Exception <a 'java/lang/NoSuchMethodError'{0x000000008a8e4738}: java.lang.invoke.DirectMethodHandle$Holder.invokeStaticInit(Ljava/lang/Object;Ljava/lang/Object;JLjava/lang/Object;)Ljava/lang/Object;> (0x000000008a8e4738) thrown at [/build/openjdk-lts-aMvV
Event: 164.871 Thread 0x00007f9ec17aa800 Exception <a 'java/lang/NoSuchMethodError'{0x000000008a8f09f0}: java.lang.invoke.Invokers$Holder.linkToTargetMethod(Ljava/lang/Object;JLjava/lang/Object;)Ljava/lang/Object;> (0x000000008a8f09f0) thrown at [/build/openjdk-lts-aMvVsb/openjdk-lts-11.0.2+9/sr
Event: 164.871 Thread 0x00007f9ec17aa800 Exception <a 'java/lang/NoSuchMethodError'{0x000000008a8f7430}: java.lang.invoke.DirectMethodHandle$Holder.invokeStatic(Ljava/lang/Object;Ljava/lang/Object;Ljava/lang/Object;I)Ljava/lang/Object;> (0x000000008a8f7430) thrown at [/build/openjdk-lts-aMvVsb/o
Event: 164.872 Thread 0x00007f9ec17aa800 Exception <a 'java/lang/NoSuchMethodError'{0x000000008a8fb0a0}: java.lang.invoke.DirectMethodHandle$Holder.invokeSpecial(Ljava/lang/Object;Ljava/lang/Object;Ljava/lang/Object;Ljava/lang/Object;I)Ljava/lang/Object;> (0x000000008a8fb0a0) thrown at [/build/o
Event: 164.872 Thread 0x00007f9ec17aa800 Exception <a 'java/lang/NoSuchMethodError'{0x000000008a8fe3a8}: java.lang.invoke.Invokers$Holder.linkToTargetMethod(Ljava/lang/Object;Ljava/lang/Object;ILjava/lang/Object;)Ljava/lang/Object;> (0x000000008a8fe3a8) thrown at [/build/openjdk-lts-aMvVsb/openj
Event: 164.888 Thread 0x00007f9ec17aa800 Exception <a 'java/lang/UnsatisfiedLinkError'{0x000000008a769fd0}: libtesseract.so: cannot open shared object file: No such file or directory> (0x000000008a769fd0) thrown at [/build/openjdk-lts-aMvVsb/openjdk-lts-11.0.2+9/src/hotspot/share/prims/jni.cpp, 
Event: 164.941 Thread 0x00007f9ec17aa800 Exception <a 'java/lang/UnsatisfiedLinkError'{0x000000008a76af78}: libtesseract.so: cannot open shared object file: No such file or directory> (0x000000008a76af78) thrown at [/build/openjdk-lts-aMvVsb/openjdk-lts-11.0.2+9/src/hotspot/share/prims/jni.cpp, 

Events (10 events):
Event: 167.786 Executing VM operation: G1CollectForAllocation
Event: 167.814 Executing VM operation: G1CollectForAllocation done
Event: 167.839 loading class java/lang/StrictMath
Event: 167.840 loading class java/lang/StrictMath done
Event: 167.840 loading class com/sun/jna/Native$Buffers
Event: 167.840 loading class com/sun/jna/Native$Buffers done
Event: 167.891 Executing VM operation: CGC_Operation
Event: 167.910 Executing VM operation: CGC_Operation done
Event: 167.947 Executing VM operation: CGC_Operation
Event: 167.947 Executing VM operation: CGC_Operation done


Dynamic libraries:
84800000-8c400000 rw-p 00000000 00:00 0 
8c400000-ffe00000 ---p 00000000 00:00 0 
ffe00000-ffe34000 rw-p 0111b000 08:06 2233291                            /usr/lib/jvm/java-11-openjdk-amd64/lib/server/classes.jsa
ffe34000-fff00000 rw-p 00000000 00:00 0 
fff00000-fff6a000 rw-p 010b1000 08:06 2233291                            /usr/lib/jvm/java-11-openjdk-amd64/lib/server/classes.jsa
fff6a000-100000000 rw-p 00000000 00:00 0 
800000000-800002000 rwxp 00001000 08:06 2233291                          /usr/lib/jvm/java-11-openjdk-amd64/lib/server/classes.jsa
800002000-8003be000 rw-p 00003000 08:06 2233291                          /usr/lib/jvm/java-11-openjdk-amd64/lib/server/classes.jsa
8003be000-800a9a000 r--p 003bf000 08:06 2233291                          /usr/lib/jvm/java-11-openjdk-amd64/lib/server/classes.jsa
800a9a000-800a9b000 rw-p 00a9b000 08:06 2233291                          /usr/lib/jvm/java-11-openjdk-amd64/lib/server/classes.jsa
800a9b000-8010b0000 r--p 00a9c000 08:06 2233291                          /usr/lib/jvm/java-11-openjdk-amd64/lib/server/classes.jsa
840000000-840932000 rw-p 00000000 00:00 0 
840932000-880000000 ---p 00000000 00:00 0 
557ef9cdc000-557ef9cdd000 r-xp 00000000 08:06 1968990                    /usr/lib/jvm/java-11-openjdk-amd64/bin/java
557ef9edd000-557ef9ede000 r--p 00001000 08:06 1968990                    /usr/lib/jvm/java-11-openjdk-amd64/bin/java
557ef9ede000-557ef9edf000 rw-p 00002000 08:06 1968990                    /usr/lib/jvm/java-11-openjdk-amd64/bin/java
557efa584000-557efa5c7000 rw-p 00000000 00:00 0                          [heap]
7f9e8effe000-7f9e8efff000 ---p 00000000 00:00 0 
7f9e8efff000-7f9e8f7ff000 rwxp 00000000 00:00 0 
7f9e8f7ff000-7f9e8f800000 ---p 00000000 00:00 0 
7f9e8f800000-7f9e90000000 rwxp 00000000 00:00 0 
7f9e90000000-7f9e916c9000 rw-p 00000000 00:00 0 
7f9e916c9000-7f9e94000000 ---p 00000000 00:00 0 
7f9e94157000-7f9e94158000 ---p 00000000 00:00 0 
7f9e94158000-7f9e94958000 rwxp 00000000 00:00 0 
7f9e94958000-7f9e94963000 r-xp 00000000 08:06 1319259                    /usr/lib/x86_64-linux-gnu/libjbig.so.0
7f9e94963000-7f9e94b62000 ---p 0000b000 08:06 1319259                    /usr/lib/x86_64-linux-gnu/libjbig.so.0
7f9e94b62000-7f9e94b63000 r--p 0000a000 08:06 1319259                    /usr/lib/x86_64-linux-gnu/libjbig.so.0
7f9e94b63000-7f9e94b66000 rw-p 0000b000 08:06 1319259                    /usr/lib/x86_64-linux-gnu/libjbig.so.0
7f9e94b66000-7f9e94b8a000 r-xp 00000000 08:06 266989                     /lib/x86_64-linux-gnu/liblzma.so.5.2.2
7f9e94b8a000-7f9e94d8a000 ---p 00024000 08:06 266989                     /lib/x86_64-linux-gnu/liblzma.so.5.2.2
7f9e94d8a000-7f9e94d8b000 r--p 00024000 08:06 266989                     /lib/x86_64-linux-gnu/liblzma.so.5.2.2
7f9e94d8b000-7f9e94d8c000 rw-p 00025000 08:06 266989                     /lib/x86_64-linux-gnu/liblzma.so.5.2.2
7f9e94d8c000-7f9e94de0000 r-xp 00000000 08:06 1326479                    /usr/lib/x86_64-linux-gnu/libopenjp2.so.2.3.0
7f9e94de0000-7f9e94fe0000 ---p 00054000 08:06 1326479                    /usr/lib/x86_64-linux-gnu/libopenjp2.so.2.3.0
7f9e94fe0000-7f9e94fe1000 r--p 00054000 08:06 1326479                    /usr/lib/x86_64-linux-gnu/libopenjp2.so.2.3.0
7f9e94fe1000-7f9e94fe2000 rw-p 00055000 08:06 1326479                    /usr/lib/x86_64-linux-gnu/libopenjp2.so.2.3.0
7f9e94fe2000-7f9e95048000 r-xp 00000000 08:06 1319734                    /usr/lib/x86_64-linux-gnu/libwebp.so.6.0.2
7f9e95048000-7f9e95247000 ---p 00066000 08:06 1319734                    /usr/lib/x86_64-linux-gnu/libwebp.so.6.0.2
7f9e95247000-7f9e95248000 r--p 00065000 08:06 1319734                    /usr/lib/x86_64-linux-gnu/libwebp.so.6.0.2
7f9e95248000-7f9e95249000 rw-p 00066000 08:06 1319734                    /usr/lib/x86_64-linux-gnu/libwebp.so.6.0.2
7f9e95249000-7f9e9524b000 rw-p 00000000 00:00 0 
7f9e9524b000-7f9e952be000 r-xp 00000000 08:06 1311825                    /usr/lib/x86_64-linux-gnu/libtiff.so.5.3.0
7f9e952be000-7f9e954bd000 ---p 00073000 08:06 1311825                    /usr/lib/x86_64-linux-gnu/libtiff.so.5.3.0
7f9e954bd000-7f9e954c1000 r--p 00072000 08:06 1311825                    /usr/lib/x86_64-linux-gnu/libtiff.so.5.3.0
7f9e954c1000-7f9e954c2000 rw-p 00076000 08:06 1311825                    /usr/lib/x86_64-linux-gnu/libtiff.so.5.3.0
7f9e954c2000-7f9e954ca000 r-xp 00000000 08:06 1317061                    /usr/lib/x86_64-linux-gnu/libgif.so.7.0.0
7f9e954ca000-7f9e956c9000 ---p 00008000 08:06 1317061                    /usr/lib/x86_64-linux-gnu/libgif.so.7.0.0
7f9e956c9000-7f9e956ca000 r--p 00007000 08:06 1317061                    /usr/lib/x86_64-linux-gnu/libgif.so.7.0.0
7f9e956ca000-7f9e956cb000 rw-p 00008000 08:06 1317061                    /usr/lib/x86_64-linux-gnu/libgif.so.7.0.0
7f9e956cb000-7f9e956fc000 r-xp 00000000 08:06 1315402                    /usr/lib/x86_64-linux-gnu/libpng16.so.16.34.0
7f9e956fc000-7f9e958fb000 ---p 00031000 08:06 1315402                    /usr/lib/x86_64-linux-gnu/libpng16.so.16.34.0
7f9e958fb000-7f9e958fc000 r--p 00030000 08:06 1315402                    /usr/lib/x86_64-linux-gnu/libpng16.so.16.34.0
7f9e958fc000-7f9e958fd000 rw-p 00031000 08:06 1315402                    /usr/lib/x86_64-linux-gnu/libpng16.so.16.34.0
7f9e958fd000-7f9e9592b000 r-xp 00000000 08:06 1313600                    /usr/lib/x86_64-linux-gnu/libgomp.so.1.0.0
7f9e9592b000-7f9e95b2a000 ---p 0002e000 08:06 1313600                    /usr/lib/x86_64-linux-gnu/libgomp.so.1.0.0
7f9e95b2a000-7f9e95b2b000 r--p 0002d000 08:06 1313600                    /usr/lib/x86_64-linux-gnu/libgomp.so.1.0.0
7f9e95b2b000-7f9e95b2c000 rw-p 0002e000 08:06 1313600                    /usr/lib/x86_64-linux-gnu/libgomp.so.1.0.0
7f9e95b2c000-7f9e95d88000 r-xp 00000000 08:06 1323556                    /usr/lib/x86_64-linux-gnu/liblept.so.5.0.2
7f9e95d88000-7f9e95f87000 ---p 0025c000 08:06 1323556                    /usr/lib/x86_64-linux-gnu/liblept.so.5.0.2
7f9e95f87000-7f9e95f88000 r--p 0025b000 08:06 1323556                    /usr/lib/x86_64-linux-gnu/liblept.so.5.0.2
7f9e95f88000-7f9e95f8e000 rw-p 0025c000 08:06 1323556                    /usr/lib/x86_64-linux-gnu/liblept.so.5.0.2
7f9e95f8e000-7f9e9629b000 r-xp 00000000 08:06 1324508                    /usr/lib/x86_64-linux-gnu/libtesseract.so.4.0.0
7f9e9629b000-7f9e9649a000 ---p 0030d000 08:06 1324508                    /usr/lib/x86_64-linux-gnu/libtesseract.so.4.0.0
7f9e9649a000-7f9e9649f000 r--p 0030c000 08:06 1324508                    /usr/lib/x86_64-linux-gnu/libtesseract.so.4.0.0
7f9e9649f000-7f9e964a0000 rw-p 00311000 08:06 1324508                    /usr/lib/x86_64-linux-gnu/libtesseract.so.4.0.0
7f9e964a0000-7f9e96784000 rw-p 00000000 00:00 0 
7f9e96784000-7f9e96944000 ---p 00000000 00:00 0 
7f9e96944000-7f9e9695c000 r-xp 00000000 08:06 7733759                    /tmp/jna--512940281/jna13069558634719395023.tmp (deleted)
7f9e9695c000-7f9e96b5c000 ---p 00018000 08:06 7733759                    /tmp/jna--512940281/jna13069558634719395023.tmp (deleted)
7f9e96b5c000-7f9e96b5d000 rw-p 00018000 08:06 7733759                    /tmp/jna--512940281/jna13069558634719395023.tmp (deleted)
7f9e96b5d000-7f9e96bc4000 r-xp 00000000 08:06 1319263                    /usr/lib/x86_64-linux-gnu/libjpeg.so.8.1.2
7f9e96bc4000-7f9e96dc3000 ---p 00067000 08:06 1319263                    /usr/lib/x86_64-linux-gnu/libjpeg.so.8.1.2
7f9e96dc3000-7f9e96dc4000 r--p 00066000 08:06 1319263                    /usr/lib/x86_64-linux-gnu/libjpeg.so.8.1.2
7f9e96dc4000-7f9e96dc5000 rw-p 00067000 08:06 1319263                    /usr/lib/x86_64-linux-gnu/libjpeg.so.8.1.2
7f9e96dc5000-7f9e96dcf000 r-xp 00000000 08:06 2233110                    /usr/lib/jvm/java-11-openjdk-amd64/lib/libjavajpeg.so
7f9e96dcf000-7f9e96fce000 ---p 0000a000 08:06 2233110                    /usr/lib/jvm/java-11-openjdk-amd64/lib/libjavajpeg.so
7f9e96fce000-7f9e96fcf000 r--p 00009000 08:06 2233110                    /usr/lib/jvm/java-11-openjdk-amd64/lib/libjavajpeg.so
7f9e96fcf000-7f9e96fd0000 rw-p 0000a000 08:06 2233110                    /usr/lib/jvm/java-11-openjdk-amd64/lib/libjavajpeg.so
7f9e96fd0000-7f9e971d0000 rw-p 00000000 00:00 0 
7f9e971d0000-7f9e971e3000 r-xp 00000000 08:06 266925                     /lib/x86_64-linux-gnu/libbsd.so.0.8.7
7f9e971e3000-7f9e973e2000 ---p 00013000 08:06 266925                     /lib/x86_64-linux-gnu/libbsd.so.0.8.7
7f9e973e2000-7f9e973e3000 r--p 00012000 08:06 266925                     /lib/x86_64-linux-gnu/libbsd.so.0.8.7
7f9e973e3000-7f9e973e4000 rw-p 00013000 08:06 266925                     /lib/x86_64-linux-gnu/libbsd.so.0.8.7
7f9e973e4000-7f9e973e5000 rw-p 00000000 00:00 0 
7f9e973e5000-7f9e973ea000 r-xp 00000000 08:06 1318609                    /usr/lib/x86_64-linux-gnu/libXdmcp.so.6.0.0
7f9e973ea000-7f9e975e9000 ---p 00005000 08:06 1318609                    /usr/lib/x86_64-linux-gnu/libXdmcp.so.6.0.0
7f9e975e9000-7f9e975ea000 r--p 00004000 08:06 1318609                    /usr/lib/x86_64-linux-gnu/libXdmcp.so.6.0.0
7f9e975ea000-7f9e975eb000 rw-p 00005000 08:06 1318609                    /usr/lib/x86_64-linux-gnu/libXdmcp.so.6.0.0
7f9e975eb000-7f9e975ed000 r-xp 00000000 08:06 1318598                    /usr/lib/x86_64-linux-gnu/libXau.so.6.0.0
7f9e975ed000-7f9e977ed000 ---p 00002000 08:06 1318598                    /usr/lib/x86_64-linux-gnu/libXau.so.6.0.0
7f9e977ed000-7f9e977ee000 r--p 00002000 08:06 1318598                    /usr/lib/x86_64-linux-gnu/libXau.so.6.0.0
7f9e977ee000-7f9e977ef000 rw-p 00003000 08:06 1318598                    /usr/lib/x86_64-linux-gnu/libXau.so.6.0.0
7f9e977ef000-7f9e97815000 r-xp 00000000 08:06 1315988                    /usr/lib/x86_64-linux-gnu/libxcb.so.1.1.0
7f9e97815000-7f9e97a15000 ---p 00026000 08:06 1315988                    /usr/lib/x86_64-linux-gnu/libxcb.so.1.1.0
7f9e97a15000-7f9e97a16000 r--p 00026000 08:06 1315988                    /usr/lib/x86_64-linux-gnu/libxcb.so.1.1.0
7f9e97a16000-7f9e97a17000 rw-p 00027000 08:06 1315988                    /usr/lib/x86_64-linux-gnu/libxcb.so.1.1.0
7f9e97a17000-7f9e97a26000 r-xp 00000000 08:06 1318619                    /usr/lib/x86_64-linux-gnu/libXi.so.6.1.0
7f9e97a26000-7f9e97c25000 ---p 0000f000 08:06 1318619                    /usr/lib/x86_64-linux-gnu/libXi.so.6.1.0
7f9e97c25000-7f9e97c26000 r--p 0000e000 08:06 1318619                    /usr/lib/x86_64-linux-gnu/libXi.so.6.1.0
7f9e97c26000-7f9e97c27000 rw-p 0000f000 08:06 1318619                    /usr/lib/x86_64-linux-gnu/libXi.so.6.1.0
7f9e97c27000-7f9e97c2c000 r-xp 00000000 08:06 1318637                    /usr/lib/x86_64-linux-gnu/libXtst.so.6.1.0
7f9e97c2c000-7f9e97e2b000 ---p 00005000 08:06 1318637                    /usr/lib/x86_64-linux-gnu/libXtst.so.6.1.0
7f9e97e2b000-7f9e97e2c000 r--p 00004000 08:06 1318637                    /usr/lib/x86_64-linux-gnu/libXtst.so.6.1.0
7f9e97e2c000-7f9e97e2d000 rw-p 00005000 08:06 1318637                    /usr/lib/x86_64-linux-gnu/libXtst.so.6.1.0
7f9e97e2d000-7f9e97e36000 r-xp 00000000 08:06 1318631                    /usr/lib/x86_64-linux-gnu/libXrender.so.1.3.0
7f9e97e36000-7f9e98035000 ---p 00009000 08:06 1318631                    /usr/lib/x86_64-linux-gnu/libXrender.so.1.3.0
7f9e98035000-7f9e98036000 r--p 00008000 08:06 1318631                    /usr/lib/x86_64-linux-gnu/libXrender.so.1.3.0
7f9e98036000-7f9e98037000 rw-p 00009000 08:06 1318631                    /usr/lib/x86_64-linux-gnu/libXrender.so.1.3.0
7f9e98037000-7f9e9816a000 r-xp 00000000 08:06 1316575                    /usr/lib/x86_64-linux-gnu/libX11.so.6.3.0
7f9e9816a000-7f9e9836a000 ---p 00133000 08:06 1316575                    /usr/lib/x86_64-linux-gnu/libX11.so.6.3.0
7f9e9836a000-7f9e9836b000 r--p 00133000 08:06 1316575                    /usr/lib/x86_64-linux-gnu/libX11.so.6.3.0
7f9e9836b000-7f9e9836f000 rw-p 00134000 08:06 1316575                    /usr/lib/x86_64-linux-gnu/libX11.so.6.3.0
7f9e9836f000-7f9e98370000 ---p 00000000 00:00 0 
7f9e98370000-7f9e98b70000 rwxp 00000000 00:00 0 
7f9e98b70000-7f9e98b71000 ---p 00000000 00:00 0 
7f9e98b71000-7f9e99371000 rwxp 00000000 00:00 0 
7f9e99371000-7f9e99372000 ---p 00000000 00:00 0 
7f9e99372000-7f9e99b72000 rwxp 00000000 00:00 0 
7f9e99b72000-7f9e9bd9f000 rw-p 00000000 00:00 0 
7f9e9bd9f000-7f9e9fca9000 r-xp 00000000 08:06 7733772                    /tmp/opencv_openpnp8411199907031220450/nu/pattern/opencv/linux/x86_64/libopencv_java342.so
7f9e9fca9000-7f9e9fea9000 ---p 03f0a000 08:06 7733772                    /tmp/opencv_openpnp8411199907031220450/nu/pattern/opencv/linux/x86_64/libopencv_java342.so
7f9e9fea9000-7f9e9fefd000 r--p 03f0a000 08:06 7733772                    /tmp/opencv_openpnp8411199907031220450/nu/pattern/opencv/linux/x86_64/libopencv_java342.so
7f9e9fefd000-7f9e9ff48000 rw-p 03f5e000 08:06 7733772                    /tmp/opencv_openpnp8411199907031220450/nu/pattern/opencv/linux/x86_64/libopencv_java342.so
7f9e9ff48000-7f9ea0000000 rw-p 00000000 00:00 0 
7f9ea0000000-7f9ea0021000 rw-p 00000000 00:00 0 
7f9ea0021000-7f9ea4000000 ---p 00000000 00:00 0 
7f9ea4000000-7f9ea4021000 rw-p 00000000 00:00 0 
7f9ea4021000-7f9ea8000000 ---p 00000000 00:00 0 
7f9ea8000000-7f9ea8021000 rw-p 00000000 00:00 0 
7f9ea8021000-7f9eac000000 ---p 00000000 00:00 0 
7f9eac095000-7f9eac0a6000 r-xp 00000000 08:06 1318611                    /usr/lib/x86_64-linux-gnu/libXext.so.6.4.0
7f9eac0a6000-7f9eac2a5000 ---p 00011000 08:06 1318611                    /usr/lib/x86_64-linux-gnu/libXext.so.6.4.0
7f9eac2a5000-7f9eac2a6000 r--p 00010000 08:06 1318611                    /usr/lib/x86_64-linux-gnu/libXext.so.6.4.0
7f9eac2a6000-7f9eac2a7000 rw-p 00011000 08:06 1318611                    /usr/lib/x86_64-linux-gnu/libXext.so.6.4.0
7f9eac2a7000-7f9eac305000 r-xp 00000000 08:06 2233100                    /usr/lib/jvm/java-11-openjdk-amd64/lib/libawt_xawt.so
7f9eac305000-7f9eac504000 ---p 0005e000 08:06 2233100                    /usr/lib/jvm/java-11-openjdk-amd64/lib/libawt_xawt.so
7f9eac504000-7f9eac505000 r--p 0005d000 08:06 2233100                    /usr/lib/jvm/java-11-openjdk-amd64/lib/libawt_xawt.so
7f9eac505000-7f9eac508000 rw-p 0005e000 08:06 2233100                    /usr/lib/jvm/java-11-openjdk-amd64/lib/libawt_xawt.so
7f9eac508000-7f9eac50a000 rw-p 00000000 00:00 0 
7f9eac50a000-7f9eac5a9000 r-xp 00000000 08:06 2233098                    /usr/lib/jvm/java-11-openjdk-amd64/lib/libawt.so
7f9eac5a9000-7f9eac7a9000 ---p 0009f000 08:06 2233098                    /usr/lib/jvm/java-11-openjdk-amd64/lib/libawt.so
7f9eac7a9000-7f9eac7aa000 r--p 0009f000 08:06 2233098                    /usr/lib/jvm/java-11-openjdk-amd64/lib/libawt.so
7f9eac7aa000-7f9eac7b5000 rw-p 000a0000 08:06 2233098                    /usr/lib/jvm/java-11-openjdk-amd64/lib/libawt.so
7f9eac7b5000-7f9ead53f000 rw-p 00000000 00:00 0 
7f9ead53f000-7f9ead543000 ---p 00000000 00:00 0 
7f9ead543000-7f9ead640000 rwxp 00000000 00:00 0 
7f9ead640000-7f9ead644000 ---p 00000000 00:00 0 
7f9ead644000-7f9ead741000 rwxp 00000000 00:00 0 
7f9ead741000-7f9ead745000 ---p 00000000 00:00 0 
7f9ead745000-7f9ead842000 rwxp 00000000 00:00 0 
7f9ead842000-7f9ead846000 ---p 00000000 00:00 0 
7f9ead846000-7f9ead943000 rwxp 00000000 00:00 0 
7f9ead943000-7f9ead947000 ---p 00000000 00:00 0 
7f9ead947000-7f9eada44000 rwxp 00000000 00:00 0 
7f9eada44000-7f9eada48000 ---p 00000000 00:00 0 
7f9eada48000-7f9eadb45000 rwxp 00000000 00:00 0 
7f9eadb45000-7f9eadb49000 ---p 00000000 00:00 0 
7f9eadb49000-7f9eadc46000 rwxp 00000000 00:00 0 
7f9eadc46000-7f9eadc4a000 ---p 00000000 00:00 0 
7f9eadc4a000-7f9eadd47000 rwxp 00000000 00:00 0 
7f9eadd47000-7f9eadd4b000 ---p 00000000 00:00 0 
7f9eadd4b000-7f9eade48000 rwxp 00000000 00:00 0 
7f9eade48000-7f9eade4c000 ---p 00000000 00:00 0 
7f9eade4c000-7f9eadf49000 rwxp 00000000 00:00 0 
7f9eadf49000-7f9eadf4d000 ---p 00000000 00:00 0 
7f9eadf4d000-7f9eae04a000 rwxp 00000000 00:00 0 
7f9eae0f9000-7f9eae0fd000 ---p 00000000 00:00 0 
7f9eae0fd000-7f9eae1fa000 rwxp 00000000 00:00 0 
7f9eae1fa000-7f9eae1fe000 ---p 00000000 00:00 0 
7f9eae1fe000-7f9eae2fb000 rwxp 00000000 00:00 0 
7f9eae2fb000-7f9eae4fb000 rw-p 00000000 00:00 0 
7f9eae4fb000-7f9eae6fb000 rw-p 00000000 00:00 0 
7f9eae6fb000-7f9eae8fb000 rw-p 00000000 00:00 0 
7f9eae8fb000-7f9eaeafb000 rw-p 00000000 00:00 0 
7f9eaeafb000-7f9eaeaff000 ---p 00000000 00:00 0 
7f9eaeaff000-7f9eaebfc000 rwxp 00000000 00:00 0 
7f9eaebfc000-7f9eaec00000 ---p 00000000 00:00 0 
7f9eaec00000-7f9eaecfd000 rwxp 00000000 00:00 0 
7f9eaecfd000-7f9eaeefd000 rw-p 00000000 00:00 0 
7f9eaeefd000-7f9eaf0fd000 rw-p 00000000 00:00 0 
7f9eaf0fd000-7f9eaf2fd000 rw-p 00000000 00:00 0 
7f9eaf2fd000-7f9eaf4fd000 rw-p 00000000 00:00 0 
7f9eaf4fd000-7f9eaf6fd000 rw-p 00000000 00:00 0 
7f9eaf6fd000-7f9eaf8fd000 rw-p 00000000 00:00 0 
7f9eaf8fd000-7f9eaf901000 ---p 00000000 00:00 0 
7f9eaf901000-7f9eaf9fe000 rwxp 00000000 00:00 0 
7f9eaf9fe000-7f9eafbfe000 rw-p 00000000 00:00 0 
7f9eafbfe000-7f9eafc02000 ---p 00000000 00:00 0 
7f9eafc02000-7f9eafcff000 rwxp 00000000 00:00 0 
7f9eafcff000-7f9eafef4000 rw-p 00000000 00:00 0 
7f9eafef4000-7f9eafeff000 ---p 00000000 00:00 0 
7f9eafeff000-7f9eaff03000 ---p 00000000 00:00 0 
7f9eaff03000-7f9eb0000000 rwxp 00000000 00:00 0 
7f9eb0000000-7f9eb0ab1000 rw-p 00000000 00:00 0 
7f9eb0ab1000-7f9eb4000000 ---p 00000000 00:00 0 
7f9eb4000000-7f9eb4021000 rw-p 00000000 00:00 0 
7f9eb4021000-7f9eb8000000 ---p 00000000 00:00 0 
7f9eb8000000-7f9eb813b000 rw-p 00000000 00:00 0 
7f9eb813b000-7f9ebc000000 ---p 00000000 00:00 0 
7f9ebc000000-7f9ebc436000 rw-p 00000000 00:00 0 
7f9ebc436000-7f9ec0000000 ---p 00000000 00:00 0 
7f9ec0000000-7f9ec17ca000 rw-p 00000000 00:00 0 
7f9ec17ca000-7f9ec4000000 ---p 00000000 00:00 0 
7f9ec4000000-7f9ec59d5000 rw-p 00000000 00:00 0 
7f9ec59d5000-7f9ec8000000 ---p 00000000 00:00 0 
7f9ec8000000-7f9ec8021000 rw-p 00000000 00:00 0 
7f9ec8021000-7f9ecc000000 ---p 00000000 00:00 0 
7f9ecc000000-7f9ecc021000 rw-p 00000000 00:00 0 
7f9ecc021000-7f9ed0000000 ---p 00000000 00:00 0 
7f9ed0000000-7f9ed0021000 rw-p 00000000 00:00 0 
7f9ed0021000-7f9ed4000000 ---p 00000000 00:00 0 
7f9ed4000000-7f9ed7a28000 rw-p 00000000 00:00 0 
7f9ed7a28000-7f9ed8000000 ---p 00000000 00:00 0 
7f9ed8000000-7f9ed8021000 rw-p 00000000 00:00 0 
7f9ed8021000-7f9edc000000 ---p 00000000 00:00 0 
7f9edc000000-7f9edc033000 rw-p 00000000 00:00 0 
7f9edc033000-7f9ee0000000 ---p 00000000 00:00 0 
7f9ee0000000-7f9ee17ea000 rw-p 00000000 00:00 0 
7f9ee17ea000-7f9ee4000000 ---p 00000000 00:00 0 
7f9ee4000000-7f9ee4046000 rw-p 00000000 00:00 0 
7f9ee4046000-7f9ee8000000 ---p 00000000 00:00 0 
7f9ee8000000-7f9ee8021000 rw-p 00000000 00:00 0 
7f9ee8021000-7f9eec000000 ---p 00000000 00:00 0 
7f9eec000000-7f9eec69e000 rw-p 00000000 00:00 0 
7f9eec69e000-7f9ef0000000 ---p 00000000 00:00 0 
7f9ef0000000-7f9ef2a90000 rw-p 00000000 00:00 0 
7f9ef2a90000-7f9ef4000000 ---p 00000000 00:00 0 
7f9ef4000000-7f9ef496a000 rw-p 00000000 00:00 0 
7f9ef496a000-7f9ef8000000 ---p 00000000 00:00 0 
7f9ef8000000-7f9ef8021000 rw-p 00000000 00:00 0 
7f9ef8021000-7f9efc000000 ---p 00000000 00:00 0 
7f9efc000000-7f9efc021000 rw-p 00000000 00:00 0 
7f9efc021000-7f9f00000000 ---p 00000000 00:00 0 
7f9f00000000-7f9f00021000 rw-p 00000000 00:00 0 
7f9f00021000-7f9f04000000 ---p 00000000 00:00 0 
7f9f040e1000-7f9f042e1000 rw-p 00000000 00:00 0 
7f9f042e1000-7f9f044e1000 rw-p 00000000 00:00 0 
7f9f044e1000-7f9f046e1000 rw-p 00000000 00:00 0 
7f9f046e1000-7f9f048e1000 rw-p 00000000 00:00 0 
7f9f048e1000-7f9f04ae1000 rw-p 00000000 00:00 0 
7f9f04ae1000-7f9f04ce1000 rw-p 00000000 00:00 0 
7f9f04ce1000-7f9f04ce5000 ---p 00000000 00:00 0 
7f9f04ce5000-7f9f04de2000 rwxp 00000000 00:00 0 
7f9f04de2000-7f9f04de6000 ---p 00000000 00:00 0 
7f9f04de6000-7f9f04ee3000 rwxp 00000000 00:00 0 
7f9f04ee3000-7f9f050e3000 rw-p 00000000 00:00 0 
7f9f050e3000-7f9f052e3000 rw-p 00000000 00:00 0 
7f9f052e3000-7f9f054e3000 rw-p 00000000 00:00 0 
7f9f054e3000-7f9f056e3000 rw-p 00000000 00:00 0 
7f9f056e3000-7f9f056e4000 ---p 00000000 00:00 0 
7f9f056e4000-7f9f057e5000 rwxp 00000000 00:00 0 
7f9f057e5000-7f9f057e9000 ---p 00000000 00:00 0 
7f9f057e9000-7f9f058e6000 rwxp 00000000 00:00 0 
7f9f058e6000-7f9f05ae6000 rw-p 00000000 00:00 0 
7f9f05ae6000-7f9f05aea000 rwxp 00000000 00:00 0 
7f9f05aea000-7f9f05be7000 rwxp 00000000 00:00 0 
7f9f05be7000-7f9f05beb000 ---p 00000000 00:00 0 
7f9f05beb000-7f9f05ce8000 rwxp 00000000 00:00 0 
7f9f05ce8000-7f9f05cec000 ---p 00000000 00:00 0 
7f9f05cec000-7f9f05de9000 rwxp 00000000 00:00 0 
7f9f05de9000-7f9f05dee000 r-xp 00000000 08:06 2233119                    /usr/lib/jvm/java-11-openjdk-amd64/lib/libmanagement_ext.so
7f9f05dee000-7f9f05fed000 ---p 00005000 08:06 2233119                    /usr/lib/jvm/java-11-openjdk-amd64/lib/libmanagement_ext.so
7f9f05fed000-7f9f05fee000 r--p 00004000 08:06 2233119                    /usr/lib/jvm/java-11-openjdk-amd64/lib/libmanagement_ext.so
7f9f05fee000-7f9f05fef000 rw-p 00005000 08:06 2233119                    /usr/lib/jvm/java-11-openjdk-amd64/lib/libmanagement_ext.so
7f9f05fef000-7f9f05ff3000 r-xp 00000000 08:06 2233117                    /usr/lib/jvm/java-11-openjdk-amd64/lib/libmanagement.so
7f9f05ff3000-7f9f061f2000 ---p 00004000 08:06 2233117                    /usr/lib/jvm/java-11-openjdk-amd64/lib/libmanagement.so
7f9f061f2000-7f9f061f3000 r--p 00003000 08:06 2233117                    /usr/lib/jvm/java-11-openjdk-amd64/lib/libmanagement.so
7f9f061f3000-7f9f061f4000 rw-p 00004000 08:06 2233117                    /usr/lib/jvm/java-11-openjdk-amd64/lib/libmanagement.so
7f9f061f4000-7f9f061f5000 ---p 00000000 00:00 0 
7f9f061f5000-7f9f062f6000 rwxp 00000000 00:00 0 
7f9f062f6000-7f9f062f7000 ---p 00000000 00:00 0 
7f9f062f7000-7f9f063f8000 rwxp 00000000 00:00 0 
7f9f063f8000-7f9f063f9000 ---p 00000000 00:00 0 
7f9f063f9000-7f9f064fa000 rwxp 00000000 00:00 0 
7f9f064fa000-7f9f064fe000 ---p 00000000 00:00 0 
7f9f064fe000-7f9f065fb000 rwxp 00000000 00:00 0 
7f9f065fb000-7f9f065fd000 r-xp 00000000 08:06 2233102                    /usr/lib/jvm/java-11-openjdk-amd64/lib/libextnet.so
7f9f065fd000-7f9f067fc000 ---p 00002000 08:06 2233102                    /usr/lib/jvm/java-11-openjdk-amd64/lib/libextnet.so
7f9f067fc000-7f9f067fd000 r--p 00001000 08:06 2233102                    /usr/lib/jvm/java-11-openjdk-amd64/lib/libextnet.so
7f9f067fd000-7f9f067fe000 rw-p 00002000 08:06 2233102                    /usr/lib/jvm/java-11-openjdk-amd64/lib/libextnet.so
7f9f067fe000-7f9f067ff000 ---p 00000000 00:00 0 
7f9f067ff000-7f9f06900000 rwxp 00000000 00:00 0 
7f9f06900000-7f9f06904000 ---p 00000000 00:00 0 
7f9f06904000-7f9f06a01000 rwxp 00000000 00:00 0 
7f9f06a01000-7f9f06a05000 ---p 00000000 00:00 0 
7f9f06a05000-7f9f06b02000 rwxp 00000000 00:00 0 
7f9f06b02000-7f9f06b18000 r-xp 00000000 08:06 2233121                    /usr/lib/jvm/java-11-openjdk-amd64/lib/libnet.so
7f9f06b18000-7f9f06d17000 ---p 00016000 08:06 2233121                    /usr/lib/jvm/java-11-openjdk-amd64/lib/libnet.so
7f9f06d17000-7f9f06d18000 r--p 00015000 08:06 2233121                    /usr/lib/jvm/java-11-openjdk-amd64/lib/libnet.so
7f9f06d18000-7f9f06d19000 rw-p 00016000 08:06 2233121                    /usr/lib/jvm/java-11-openjdk-amd64/lib/libnet.so
7f9f06d19000-7f9f06d29000 r-xp 00000000 08:06 2233122                    /usr/lib/jvm/java-11-openjdk-amd64/lib/libnio.so
7f9f06d29000-7f9f06f28000 ---p 00010000 08:06 2233122                    /usr/lib/jvm/java-11-openjdk-amd64/lib/libnio.so
7f9f06f28000-7f9f06f29000 r--p 0000f000 08:06 2233122                    /usr/lib/jvm/java-11-openjdk-amd64/lib/libnio.so
7f9f06f29000-7f9f06f2a000 rw-p 00010000 08:06 2233122                    /usr/lib/jvm/java-11-openjdk-amd64/lib/libnio.so
7f9f06f2a000-7f9f06f2e000 ---p 00000000 00:00 0 
7f9f06f2e000-7f9f0702b000 rwxp 00000000 00:00 0 
7f9f0702b000-7f9f0702f000 ---p 00000000 00:00 0 
7f9f0702f000-7f9f0712c000 rwxp 00000000 00:00 0 
7f9f0712c000-7f9f07130000 ---p 00000000 00:00 0 
7f9f07130000-7f9f0722d000 rwxp 00000000 00:00 0 
7f9f0722d000-7f9f07231000 ---p 00000000 00:00 0 
7f9f07231000-7f9f0732e000 rwxp 00000000 00:00 0 
7f9f0732e000-7f9f07332000 ---p 00000000 00:00 0 
7f9f07332000-7f9f0742f000 rwxp 00000000 00:00 0 
7f9f0742f000-7f9f07dfe000 r--p 00000000 08:06 1317509                    /usr/lib/locale/locale-archive
7f9f07dfe000-7f9f07e02000 ---p 00000000 00:00 0 
7f9f07e02000-7f9f07eff000 rwxp 00000000 00:00 0 
7f9f07eff000-7f9f07f03000 ---p 00000000 00:00 0 
7f9f07f03000-7f9f08000000 rwxp 00000000 00:00 0 
7f9f08000000-7f9f08021000 rw-p 00000000 00:00 0 
7f9f08021000-7f9f0c000000 ---p 00000000 00:00 0 
7f9f0c000000-7f9f0c08d000 rw-p 00000000 00:00 0 
7f9f0c08d000-7f9f10000000 ---p 00000000 00:00 0 
7f9f10000000-7f9f10047000 rw-p 00000000 00:00 0 
7f9f10047000-7f9f14000000 ---p 00000000 00:00 0 
7f9f14000000-7f9f14021000 rw-p 00000000 00:00 0 
7f9f14021000-7f9f18000000 ---p 00000000 00:00 0 
7f9f18000000-7f9f18021000 rw-p 00000000 00:00 0 
7f9f18021000-7f9f1c000000 ---p 00000000 00:00 0 
7f9f1c01e000-7f9f1c01f000 ---p 00000000 00:00 0 
7f9f1c01f000-7f9f1c120000 rwxp 00000000 00:00 0 
7f9f1c120000-7f9f1e310000 rw-p 00000000 00:00 0 
7f9f1e310000-7f9f1fff8000 ---p 00000000 00:00 0 
7f9f1fff8000-7f9f20000000 rw-p 00000000 00:00 0 
7f9f20000000-7f9f20021000 rw-p 00000000 00:00 0 
7f9f20021000-7f9f24000000 ---p 00000000 00:00 0 
7f9f2405c000-7f9f248dd000 rw-p 00000000 00:00 0 
7f9f248dd000-7f9f248de000 ---p 00000000 00:00 0 
7f9f248de000-7f9f249df000 rwxp 00000000 00:00 0 
7f9f249df000-7f9f249e0000 ---p 00000000 00:00 0 
7f9f249e0000-7f9f24ae1000 rwxp 00000000 00:00 0 
7f9f24ae1000-7f9f24ee5000 rw-p 00000000 00:00 0 
7f9f24ee5000-7f9f24ee6000 ---p 00000000 00:00 0 
7f9f24ee6000-7f9f24fe7000 rwxp 00000000 00:00 0 
7f9f24fe7000-7f9f24fe8000 ---p 00000000 00:00 0 
7f9f24fe8000-7f9f250e9000 rwxp 00000000 00:00 0 
7f9f250e9000-7f9f252d9000 rw-p 00000000 00:00 0 
7f9f252d9000-7f9f26fc1000 ---p 00000000 00:00 0 
7f9f26fc1000-7f9f27007000 rw-p 00000000 00:00 0 
7f9f27007000-7f9f273a4000 ---p 00000000 00:00 0 
7f9f273a4000-7f9f273e3000 rw-p 00000000 00:00 0 
7f9f273e3000-7f9f27780000 ---p 00000000 00:00 0 
7f9f27780000-7f9f277bf000 rw-p 00000000 00:00 0 
7f9f277bf000-7f9f27b5c000 ---p 00000000 00:00 0 
7f9f27b5c000-7f9f27f61000 rw-p 00000000 00:00 0 
7f9f27f61000-7f9f27f62000 ---p 00000000 00:00 0 
7f9f27f62000-7f9f28063000 rwxp 00000000 00:00 0 
7f9f28063000-7f9f2806d000 rw-p 00000000 00:00 0 
7f9f2806d000-7f9f2814e000 ---p 00000000 00:00 0 
7f9f2814e000-7f9f283be000 rwxp 00000000 00:00 0 
7f9f283be000-7f9f286de000 ---p 00000000 00:00 0 
7f9f286de000-7f9f296ce000 rwxp 00000000 00:00 0 
7f9f296ce000-7f9f2fc16000 ---p 00000000 00:00 0 
7f9f2fc16000-7f9f300c6000 rwxp 00000000 00:00 0 
7f9f300c6000-7f9f3714e000 ---p 00000000 00:00 0 
7f9f3714e000-7f9f3f7c6000 r--s 00000000 08:06 2233131                    /usr/lib/jvm/java-11-openjdk-amd64/lib/modules
7f9f3f7c6000-7f9f3f7cb000 r-xp 00000000 08:06 2233113                    /usr/lib/jvm/java-11-openjdk-amd64/lib/libjimage.so
7f9f3f7cb000-7f9f3f9ca000 ---p 00005000 08:06 2233113                    /usr/lib/jvm/java-11-openjdk-amd64/lib/libjimage.so
7f9f3f9ca000-7f9f3f9cb000 r--p 00004000 08:06 2233113                    /usr/lib/jvm/java-11-openjdk-amd64/lib/libjimage.so
7f9f3f9cb000-7f9f3f9cc000 rw-p 00005000 08:06 2233113                    /usr/lib/jvm/java-11-openjdk-amd64/lib/libjimage.so
7f9f3f9cc000-7f9f3f9d3000 r-xp 00000000 08:06 2233130                    /usr/lib/jvm/java-11-openjdk-amd64/lib/libzip.so
7f9f3f9d3000-7f9f3fbd2000 ---p 00007000 08:06 2233130                    /usr/lib/jvm/java-11-openjdk-amd64/lib/libzip.so
7f9f3fbd2000-7f9f3fbd3000 r--p 00006000 08:06 2233130                    /usr/lib/jvm/java-11-openjdk-amd64/lib/libzip.so
7f9f3fbd3000-7f9f3fbd4000 rw-p 00007000 08:06 2233130                    /usr/lib/jvm/java-11-openjdk-amd64/lib/libzip.so
7f9f3fbd4000-7f9f3fbdf000 r-xp 00000000 08:06 267019                     /lib/x86_64-linux-gnu/libnss_files-2.27.so
7f9f3fbdf000-7f9f3fdde000 ---p 0000b000 08:06 267019                     /lib/x86_64-linux-gnu/libnss_files-2.27.so
7f9f3fdde000-7f9f3fddf000 r--p 0000a000 08:06 267019                     /lib/x86_64-linux-gnu/libnss_files-2.27.so
7f9f3fddf000-7f9f3fde0000 rw-p 0000b000 08:06 267019                     /lib/x86_64-linux-gnu/libnss_files-2.27.so
7f9f3fde0000-7f9f3fde6000 rw-p 00000000 00:00 0 
7f9f3fde6000-7f9f3fdfd000 r-xp 00000000 08:06 267013                     /lib/x86_64-linux-gnu/libnsl-2.27.so
7f9f3fdfd000-7f9f3fffc000 ---p 00017000 08:06 267013                     /lib/x86_64-linux-gnu/libnsl-2.27.so
7f9f3fffc000-7f9f3fffd000 r--p 00016000 08:06 267013                     /lib/x86_64-linux-gnu/libnsl-2.27.so
7f9f3fffd000-7f9f3fffe000 rw-p 00017000 08:06 267013                     /lib/x86_64-linux-gnu/libnsl-2.27.so
7f9f3fffe000-7f9f40000000 rw-p 00000000 00:00 0 
7f9f40000000-7f9f40a1b000 rw-p 00000000 00:00 0 
7f9f40a1b000-7f9f44000000 ---p 00000000 00:00 0 
7f9f44074000-7f9f44094000 rw-p 00000000 00:00 0 
7f9f44094000-7f9f4415f000 ---p 00000000 00:00 0 
7f9f4415f000-7f9f4416a000 r-xp 00000000 08:06 267030                     /lib/x86_64-linux-gnu/libnss_nis-2.27.so
7f9f4416a000-7f9f44369000 ---p 0000b000 08:06 267030                     /lib/x86_64-linux-gnu/libnss_nis-2.27.so
7f9f44369000-7f9f4436a000 r--p 0000a000 08:06 267030                     /lib/x86_64-linux-gnu/libnss_nis-2.27.so
7f9f4436a000-7f9f4436b000 rw-p 0000b000 08:06 267030                     /lib/x86_64-linux-gnu/libnss_nis-2.27.so
7f9f4436b000-7f9f44373000 r-xp 00000000 08:06 267015                     /lib/x86_64-linux-gnu/libnss_compat-2.27.so
7f9f44373000-7f9f44573000 ---p 00008000 08:06 267015                     /lib/x86_64-linux-gnu/libnss_compat-2.27.so
7f9f44573000-7f9f44574000 r--p 00008000 08:06 267015                     /lib/x86_64-linux-gnu/libnss_compat-2.27.so
7f9f44574000-7f9f44575000 rw-p 00009000 08:06 267015                     /lib/x86_64-linux-gnu/libnss_compat-2.27.so
7f9f44575000-7f9f4457f000 r-xp 00000000 08:06 2233104                    /usr/lib/jvm/java-11-openjdk-amd64/lib/libinstrument.so
7f9f4457f000-7f9f4477e000 ---p 0000a000 08:06 2233104                    /usr/lib/jvm/java-11-openjdk-amd64/lib/libinstrument.so
7f9f4477e000-7f9f4477f000 r--p 00009000 08:06 2233104                    /usr/lib/jvm/java-11-openjdk-amd64/lib/libinstrument.so
7f9f4477f000-7f9f44780000 rw-p 0000a000 08:06 2233104                    /usr/lib/jvm/java-11-openjdk-amd64/lib/libinstrument.so
7f9f44780000-7f9f447a9000 r-xp 00000000 08:06 2233109                    /usr/lib/jvm/java-11-openjdk-amd64/lib/libjava.so
7f9f447a9000-7f9f449a8000 ---p 00029000 08:06 2233109                    /usr/lib/jvm/java-11-openjdk-amd64/lib/libjava.so
7f9f449a8000-7f9f449a9000 r--p 00028000 08:06 2233109                    /usr/lib/jvm/java-11-openjdk-amd64/lib/libjava.so
7f9f449a9000-7f9f449ab000 rw-p 00029000 08:06 2233109                    /usr/lib/jvm/java-11-openjdk-amd64/lib/libjava.so
7f9f449ab000-7f9f449b8000 r-xp 00000000 08:06 2233129                    /usr/lib/jvm/java-11-openjdk-amd64/lib/libverify.so
7f9f449b8000-7f9f44bb7000 ---p 0000d000 08:06 2233129                    /usr/lib/jvm/java-11-openjdk-amd64/lib/libverify.so
7f9f44bb7000-7f9f44bb9000 r--p 0000c000 08:06 2233129                    /usr/lib/jvm/java-11-openjdk-amd64/lib/libverify.so
7f9f44bb9000-7f9f44bba000 rw-p 0000e000 08:06 2233129                    /usr/lib/jvm/java-11-openjdk-amd64/lib/libverify.so
7f9f44bba000-7f9f44bc1000 r-xp 00000000 08:06 267070                     /lib/x86_64-linux-gnu/librt-2.27.so
7f9f44bc1000-7f9f44dc0000 ---p 00007000 08:06 267070                     /lib/x86_64-linux-gnu/librt-2.27.so
7f9f44dc0000-7f9f44dc1000 r--p 00006000 08:06 267070                     /lib/x86_64-linux-gnu/librt-2.27.so
7f9f44dc1000-7f9f44dc2000 rw-p 00007000 08:06 267070                     /lib/x86_64-linux-gnu/librt-2.27.so
7f9f44dc2000-7f9f44dd9000 r-xp 00000000 08:06 262179                     /lib/x86_64-linux-gnu/libgcc_s.so.1
7f9f44dd9000-7f9f44fd8000 ---p 00017000 08:06 262179                     /lib/x86_64-linux-gnu/libgcc_s.so.1
7f9f44fd8000-7f9f44fd9000 r--p 00016000 08:06 262179                     /lib/x86_64-linux-gnu/libgcc_s.so.1
7f9f44fd9000-7f9f44fda000 rw-p 00017000 08:06 262179                     /lib/x86_64-linux-gnu/libgcc_s.so.1
7f9f44fda000-7f9f45177000 r-xp 00000000 08:06 266992                     /lib/x86_64-linux-gnu/libm-2.27.so
7f9f45177000-7f9f45376000 ---p 0019d000 08:06 266992                     /lib/x86_64-linux-gnu/libm-2.27.so
7f9f45376000-7f9f45377000 r--p 0019c000 08:06 266992                     /lib/x86_64-linux-gnu/libm-2.27.so
7f9f45377000-7f9f45378000 rw-p 0019d000 08:06 266992                     /lib/x86_64-linux-gnu/libm-2.27.so
7f9f45378000-7f9f454f1000 r-xp 00000000 08:06 1310746                    /usr/lib/x86_64-linux-gnu/libstdc++.so.6.0.25
7f9f454f1000-7f9f456f1000 ---p 00179000 08:06 1310746                    /usr/lib/x86_64-linux-gnu/libstdc++.so.6.0.25
7f9f456f1000-7f9f456fb000 r--p 00179000 08:06 1310746                    /usr/lib/x86_64-linux-gnu/libstdc++.so.6.0.25
7f9f456fb000-7f9f456fd000 rw-p 00183000 08:06 1310746                    /usr/lib/x86_64-linux-gnu/libstdc++.so.6.0.25
7f9f456fd000-7f9f45701000 rw-p 00000000 00:00 0 
7f9f45701000-7f9f467cc000 r-xp 00000000 08:06 2233136                    /usr/lib/jvm/java-11-openjdk-amd64/lib/server/libjvm.so
7f9f467cc000-7f9f469cb000 ---p 010cb000 08:06 2233136                    /usr/lib/jvm/java-11-openjdk-amd64/lib/server/libjvm.so
7f9f469cb000-7f9f46a88000 r--p 010ca000 08:06 2233136                    /usr/lib/jvm/java-11-openjdk-amd64/lib/server/libjvm.so
7f9f46a88000-7f9f46ac1000 rw-p 01187000 08:06 2233136                    /usr/lib/jvm/java-11-openjdk-amd64/lib/server/libjvm.so
7f9f46ac1000-7f9f46b17000 rw-p 00000000 00:00 0 
7f9f46b17000-7f9f46b31000 r-xp 00000000 08:06 267062                     /lib/x86_64-linux-gnu/libpthread-2.27.so
7f9f46b31000-7f9f46d30000 ---p 0001a000 08:06 267062                     /lib/x86_64-linux-gnu/libpthread-2.27.so
7f9f46d30000-7f9f46d31000 r--p 00019000 08:06 267062                     /lib/x86_64-linux-gnu/libpthread-2.27.so
7f9f46d31000-7f9f46d32000 rw-p 0001a000 08:06 267062                     /lib/x86_64-linux-gnu/libpthread-2.27.so
7f9f46d32000-7f9f46d36000 rw-p 00000000 00:00 0 
7f9f46d36000-7f9f46d39000 r-xp 00000000 08:06 266952                     /lib/x86_64-linux-gnu/libdl-2.27.so
7f9f46d39000-7f9f46f38000 ---p 00003000 08:06 266952                     /lib/x86_64-linux-gnu/libdl-2.27.so
7f9f46f38000-7f9f46f39000 r--p 00002000 08:06 266952                     /lib/x86_64-linux-gnu/libdl-2.27.so
7f9f46f39000-7f9f46f3a000 rw-p 00003000 08:06 266952                     /lib/x86_64-linux-gnu/libdl-2.27.so
7f9f46f3a000-7f9f46f56000 r-xp 00000000 08:06 267101                     /lib/x86_64-linux-gnu/libz.so.1.2.11
7f9f46f56000-7f9f47155000 ---p 0001c000 08:06 267101                     /lib/x86_64-linux-gnu/libz.so.1.2.11
7f9f47155000-7f9f47156000 r--p 0001b000 08:06 267101                     /lib/x86_64-linux-gnu/libz.so.1.2.11
7f9f47156000-7f9f47157000 rw-p 0001c000 08:06 267101                     /lib/x86_64-linux-gnu/libz.so.1.2.11
7f9f47157000-7f9f4733e000 r-xp 00000000 08:06 266929                     /lib/x86_64-linux-gnu/libc-2.27.so
7f9f4733e000-7f9f4753e000 ---p 001e7000 08:06 266929                     /lib/x86_64-linux-gnu/libc-2.27.so
7f9f4753e000-7f9f47542000 r--p 001e7000 08:06 266929                     /lib/x86_64-linux-gnu/libc-2.27.so
7f9f47542000-7f9f47544000 rw-p 001eb000 08:06 266929                     /lib/x86_64-linux-gnu/libc-2.27.so
7f9f47544000-7f9f47548000 rw-p 00000000 00:00 0 
7f9f47548000-7f9f47557000 r-xp 00000000 08:06 2233094                    /usr/lib/jvm/java-11-openjdk-amd64/lib/jli/libjli.so
7f9f47557000-7f9f47757000 ---p 0000f000 08:06 2233094                    /usr/lib/jvm/java-11-openjdk-amd64/lib/jli/libjli.so
7f9f47757000-7f9f47758000 r--p 0000f000 08:06 2233094                    /usr/lib/jvm/java-11-openjdk-amd64/lib/jli/libjli.so
7f9f47758000-7f9f47759000 rw-p 00010000 08:06 2233094                    /usr/lib/jvm/java-11-openjdk-amd64/lib/jli/libjli.so
7f9f47759000-7f9f47780000 r-xp 00000000 08:06 266901                     /lib/x86_64-linux-gnu/ld-2.27.so
7f9f477a2000-7f9f477a6000 ---p 00000000 00:00 0 
7f9f477a6000-7f9f477c4000 rwxp 00000000 00:00 0 
7f9f477c4000-7f9f47861000 rw-p 00000000 00:00 0 
7f9f47861000-7f9f47865000 ---p 00000000 00:00 0 
7f9f47865000-7f9f47962000 rwxp 00000000 00:00 0 
7f9f47962000-7f9f47964000 rw-p 00000000 00:00 0 
7f9f47968000-7f9f4796d000 rw-p 00000000 00:00 0 
7f9f4796d000-7f9f47974000 ---p 00000000 00:00 0 
7f9f47974000-7f9f4797c000 rw-s 00000000 08:06 7602277                    /tmp/hsperfdata_anshuman/3013
7f9f4797c000-7f9f4797d000 ---p 00000000 00:00 0 
7f9f4797d000-7f9f4797e000 r--p 00000000 00:00 0 
7f9f4797e000-7f9f47980000 rw-p 00000000 00:00 0 
7f9f47980000-7f9f47981000 r--p 00027000 08:06 266901                     /lib/x86_64-linux-gnu/ld-2.27.so
7f9f47981000-7f9f47982000 rw-p 00028000 08:06 266901                     /lib/x86_64-linux-gnu/ld-2.27.so
7f9f47982000-7f9f47983000 rw-p 00000000 00:00 0 
7ffe144c4000-7ffe144e3000 rwxp 00000000 00:00 0                          [stack]
7ffe144e3000-7ffe144e9000 rw-p 00000000 00:00 0 
7ffe1456c000-7ffe1456f000 r--p 00000000 00:00 0                          [vvar]
7ffe1456f000-7ffe14571000 r-xp 00000000 00:00 0                          [vdso]
ffffffffff600000-ffffffffff601000 r-xp 00000000 00:00 0                  [vsyscall]


VM Arguments:
jvm_args: -javaagent:/snap/intellij-idea-community/143/lib/idea_rt.jar=46677:/snap/intellij-idea-community/143/bin -Dfile.encoding=UTF-8 
java_command: com.project.backend.Character_Recognition.CharacterRecognitionApplication
java_class_path (initial): /mnt/DEV/Workspace/IntellijWorkspace/Anspro-2019/Anspro Projects/Character Recognition/out/production/classes:/mnt/DEV/Workspace/IntellijWorkspace/Anspro-2019/Anspro Projects/Character Recognition/out/production/resources:/home/anshuman/.gradle/caches/modules-2/files-2.1/io.springfox/springfox-swagger-ui/2.9.2/d542382a88ff3ea8d4032c28b2b0325797fada7d/springfox-swagger-ui-2.9.2.jar:/home/anshuman/.gradle/caches/modules-2/files-2.1/io.springfox/springfox-swagger2/2.9.2/362676bc7f4c6f9f1d568741becab0dfc198c898/springfox-swagger2-2.9.2.jar:/home/anshuman/.gradle/caches/modules-2/files-2.1/org.apache.poi/poi/4.0.1/d8eaa341687a7dc48048d964d0d53238959ca9b5/poi-4.0.1.jar:/home/anshuman/.gradle/caches/modules-2/files-2.1/net.sourceforge.tess4j/tess4j/4.3.1/c7ba1ef64583c01ab1cff254a2f659853541a196/tess4j-4.3.1.jar:/home/anshuman/.gradle/caches/modules-2/files-2.1/org.apache.pdfbox/pdfbox-tools/2.0.12/e4569e8364f33be1c0af889f62b0f8f4dca7d45/pdfbox-tools-2.0.12.jar:/home/anshuman/.gradle/caches/modules-2/files-2.1/org.apache.pdfbox/pdfbox-debugger/2.0.12/f3e22254905300fb58008ea5eaee31bd08dbebac/pdfbox-debugger-2.0.12.jar:/home/anshuman/.gradle/caches/modules-2/files-2.1/org.apache.pdfbox/pdfbox/2.0.13/389abca354e682d65e500c57856b75130d015e77/pdfbox-2.0.13.jar:/home/anshuman/.gradle/caches/modules-2/files-2.1/org.openpnp/opencv/3.4.2-1/fbd8f36fd1ce4e2bf0dcb12befd7d4cfc74d8d35/opencv-3.4.2-1.jar:/home/anshuman/.gradle/caches/modules-2/files-2.1/org.springframework.boot/spring-boot-starter-data-jpa/2.1.3.RELEASE/3220e72c77dfd71988cab7e03748fe22f54926c6/spring-boot-starter-data-jpa-2.1.3.RELEASE.jar:/home/anshuman/.gradle/caches/modules-2/files-2.1/org.springframework.boot/spring-boot-starter-web/2.1.3.RELEASE/e65a0538c3075a0910e7273a9dbedb189761b1ae/spring-boot-starter-web-2.1.3.RELEASE.jar:/home/anshuman/.gradle/caches/modules-2/files-2.1/io.springfox/springfox-swagger-common/2.9.2/b38a41b3044af80cb7f41f67be5d158c9f6491ec/springfox-swagger-common-2.9.
Launcher Type: SUN_STANDARD

[Global flags]
     intx CICompilerCount                          = 3                                         {product} {ergonomic}
     uint ConcGCThreads                            = 1                                         {product} {ergonomic}
     uint G1ConcRefinementThreads                  = 4                                         {product} {ergonomic}
   size_t G1HeapRegionSize                         = 1048576                                   {product} {ergonomic}
    uintx GCDrainStackTargetSize                   = 64                                        {product} {ergonomic}
   size_t InitialHeapSize                          = 130023424                                 {product} {ergonomic}
   size_t MarkStackSize                            = 4194304                                   {product} {ergonomic}
   size_t MaxHeapSize                              = 2071986176                                {product} {ergonomic}
   size_t MaxNewSize                               = 1242562560                                {product} {ergonomic}
   size_t MinHeapDeltaBytes                        = 1048576                                   {product} {ergonomic}
    uintx NonNMethodCodeHeapSize                   = 5830092                                {pd product} {ergonomic}
    uintx NonProfiledCodeHeapSize                  = 122914074                              {pd product} {ergonomic}
    uintx ProfiledCodeHeapSize                     = 122914074                              {pd product} {ergonomic}
    uintx ReservedCodeCacheSize                    = 251658240                              {pd product} {ergonomic}
     bool SegmentedCodeCache                       = true                                      {product} {ergonomic}
     bool UseCompressedClassPointers               = true                                 {lp64_product} {ergonomic}
     bool UseCompressedOops                        = true                                 {lp64_product} {ergonomic}
     bool UseG1GC                                  = true                                      {product} {ergonomic}

Logging:
Log output configuration:
 #0: stdout all=warning uptime,level,tags
 #1: stderr all=off uptime,level,tags

Environment Variables:
JAVA_HOME=/usr/lib/jvm/java-11-oracle
PATH=/usr/local/sbin:/usr/local/bin:/usr/sbin:/usr/bin:/sbin:/bin:/usr/games:/usr/local/games:/snap/bin:/usr/lib/jvm/java-11-oracle/bin:/usr/lib/jvm/java-11-oracle/db/bin
SHELL=/bin/bash
DISPLAY=:0

Signal Handlers:
SIGSEGV: [libjvm.so+0xde6480], sa_mask[0]=11111111011111111101111111111110, sa_flags=SA_RESTART|SA_SIGINFO
SIGBUS: [libjvm.so+0xde6480], sa_mask[0]=11111111011111111101111111111110, sa_flags=SA_RESTART|SA_SIGINFO
SIGFPE: [libjvm.so+0xde6480], sa_mask[0]=11111111011111111101111111111110, sa_flags=SA_RESTART|SA_SIGINFO
SIGPIPE: [libjvm.so+0xbbbc90], sa_mask[0]=11111111011111111101111111111110, sa_flags=SA_RESTART|SA_SIGINFO
SIGXFSZ: [libjvm.so+0xbbbc90], sa_mask[0]=11111111011111111101111111111110, sa_flags=SA_RESTART|SA_SIGINFO
SIGILL: [libjvm.so+0xde6480], sa_mask[0]=11111111011111111101111111111110, sa_flags=SA_RESTART|SA_SIGINFO
SIGUSR2: [libjvm.so+0xbbbb30], sa_mask[0]=00100000000000000000000000000000, sa_flags=SA_RESTART|SA_SIGINFO
SIGHUP: [libjvm.so+0xbbbe90], sa_mask[0]=11111111011111111101111111111110, sa_flags=SA_RESTART|SA_SIGINFO
SIGINT: [libjvm.so+0xbbbe90], sa_mask[0]=11111111011111111101111111111110, sa_flags=SA_RESTART|SA_SIGINFO
SIGTERM: [libjvm.so+0xbbbe90], sa_mask[0]=11111111011111111101111111111110, sa_flags=SA_RESTART|SA_SIGINFO
SIGQUIT: [libjvm.so+0xbbbe90], sa_mask[0]=11111111011111111101111111111110, sa_flags=SA_RESTART|SA_SIGINFO


---------------  S Y S T E M  ---------------

OS:DISTRIB_ID=Ubuntu
DISTRIB_RELEASE=18.04
DISTRIB_CODENAME=bionic
DISTRIB_DESCRIPTION="Ubuntu 18.04.2 LTS"
uname:Linux 4.15.0-48-generic #51-Ubuntu SMP Wed Apr 3 08:28:49 UTC 2019 x86_64
libc:glibc 2.27 NPTL 2.27 
rlimit: STACK 8192k, CORE 0k, NPROC 31446, NOFILE 1048576, AS infinity, DATA infinity, FSIZE infinity
load average:6.94 5.92 2.92

/proc/meminfo:
MemTotal:        8093524 kB
MemFree:         1350388 kB
MemAvailable:    4164180 kB
Buffers:          578028 kB
Cached:          2436864 kB
SwapCached:            0 kB
Active:          4315500 kB
Inactive:        2016912 kB
Active(anon):    3319328 kB
Inactive(anon):    51536 kB
Active(file):     996172 kB
Inactive(file):  1965376 kB
Unevictable:        2128 kB
Mlocked:            2128 kB
SwapTotal:       2097148 kB
SwapFree:        2097148 kB
Dirty:              6888 kB
Writeback:             0 kB
AnonPages:       3319476 kB
Mapped:           678724 kB
Shmem:             53344 kB
Slab:             210708 kB
SReclaimable:     146940 kB
SUnreclaim:        63768 kB
KernelStack:       15312 kB
PageTables:        60268 kB
NFS_Unstable:          0 kB
Bounce:                0 kB
WritebackTmp:          0 kB
CommitLimit:     6143908 kB
Committed_AS:    9313236 kB
VmallocTotal:   34359738367 kB
VmallocUsed:           0 kB
VmallocChunk:          0 kB
HardwareCorrupted:     0 kB
AnonHugePages:         0 kB
ShmemHugePages:        0 kB
ShmemPmdMapped:        0 kB
CmaTotal:              0 kB
CmaFree:               0 kB
HugePages_Total:       0
HugePages_Free:        0
HugePages_Rsvd:        0
HugePages_Surp:        0
Hugepagesize:       2048 kB
DirectMap4k:      253440 kB
DirectMap2M:     8060928 kB


/proc/sys/kernel/threads-max (system-wide limit on the number of threads):
62892


/proc/sys/vm/max_map_count (maximum number of memory map areas a process may have):
65530


/proc/sys/kernel/pid_max (system-wide limit on number of process identifiers):
32768



container (cgroup) information:
container_type: cgroupv1
cpu_cpuset_cpus: 0-3
cpu_memory_nodes: 0
active_processor_count: 4
cpu_quota: -1
cpu_period: 100000
cpu_shares: -1
memory_limit_in_bytes: -1
memory_and_swap_limit_in_bytes: -2
memory_soft_limit_in_bytes: -1
memory_usage_in_bytes: 6486999040
memory_max_usage_in_bytes: 0


CPU:total 4 (initial active 4) (2 cores per cpu, 2 threads per core) family 6 model 37 stepping 2, cmov, cx8, fxsr, mmx, sse, sse2, sse3, ssse3, sse4.1, sse4.2, popcnt, aes, clmul, ht, tsc, tscinvbit
CPU Model and flags from /proc/cpuinfo:
model name	: Intel(R) Core(TM) i5 CPU         650  @ 3.20GHz
flags		: fpu vme de pse tsc msr pae mce cx8 apic sep mtrr pge mca cmov pat pse36 clflush dts acpi mmx fxsr sse sse2 ss ht tm pbe syscall nx rdtscp lm constant_tsc arch_perfmon pebs bts rep_good nopl xtopology nonstop_tsc cpuid aperfmperf pni pclmulqdq dtes64 monitor ds_cpl vmx smx est tm2 ssse3 cx16 xtpr pdcm sse4_1 sse4_2 popcnt aes lahf_lm pti ssbd ibrs ibpb stibp tpr_shadow vnmi flexpriority ept vpid dtherm arat flush_l1d

Memory: 4k page, physical 8093524k(1349944k free), swap 2097148k(2097148k free)

vm_info: OpenJDK 64-Bit Server VM (11.0.2+9-Ubuntu-3ubuntu118.04.3) for linux-amd64 JRE (11.0.2+9-Ubuntu-3ubuntu118.04.3), built on Mar 26 2019 20:57:06 by "buildd" with gcc 7.3.0

END.
